00:16:55.600 Training @ 0 epoch...
00:16:56.546   Training iter 100, batch loss 2.2969, batch acc 0.2164
00:16:57.304   Training iter 200, batch loss 2.2701, batch acc 0.3142
00:16:57.899   Training iter 300, batch loss 2.1895, batch acc 0.3272
00:16:58.648   Training iter 400, batch loss 1.9989, batch acc 0.4639
00:16:59.256   Training iter 500, batch loss 1.6982, batch acc 0.5544
00:16:59.753   Training iter 600, batch loss 1.3967, batch acc 0.6351
00:16:59.757 Testing @ 0 epoch...
00:16:59.916     Testing, total mean loss 1.25087, total acc 0.66450
00:16:59.917 Training @ 1 epoch...
00:17:00.461   Training iter 100, batch loss 1.1589, batch acc 0.7069
00:17:00.971   Training iter 200, batch loss 0.9890, batch acc 0.7620
00:17:01.624   Training iter 300, batch loss 0.8493, batch acc 0.7949
00:17:02.233   Training iter 400, batch loss 0.7639, batch acc 0.8086
00:17:02.815   Training iter 500, batch loss 0.6913, batch acc 0.8257
00:17:03.580   Training iter 600, batch loss 0.6380, batch acc 0.8430
00:17:03.582 Testing @ 1 epoch...
00:17:03.757     Testing, total mean loss 0.59766, total acc 0.84800
00:17:03.757 Training @ 2 epoch...
00:17:04.528   Training iter 100, batch loss 0.5866, batch acc 0.8467
00:17:05.282   Training iter 200, batch loss 0.5661, batch acc 0.8535
00:17:05.932   Training iter 300, batch loss 0.5348, batch acc 0.8594
00:17:06.511   Training iter 400, batch loss 0.5052, batch acc 0.8688
00:17:07.204   Training iter 500, batch loss 0.4887, batch acc 0.8711
00:17:07.899   Training iter 600, batch loss 0.4876, batch acc 0.8723
00:17:07.903 Testing @ 2 epoch...
00:17:08.058     Testing, total mean loss 0.44956, total acc 0.88170
00:17:08.058 Training @ 3 epoch...
00:17:08.900   Training iter 100, batch loss 0.4621, batch acc 0.8758
00:17:09.517   Training iter 200, batch loss 0.4345, batch acc 0.8836
00:17:10.100   Training iter 300, batch loss 0.4434, batch acc 0.8796
00:17:10.659   Training iter 400, batch loss 0.4266, batch acc 0.8852
00:17:11.230   Training iter 500, batch loss 0.4173, batch acc 0.8872
00:17:11.830   Training iter 600, batch loss 0.4115, batch acc 0.8858
00:17:11.832 Testing @ 3 epoch...
00:17:11.971     Testing, total mean loss 0.38768, total acc 0.89510
00:17:11.971 Training @ 4 epoch...
00:17:12.797   Training iter 100, batch loss 0.3997, batch acc 0.8881
00:17:13.536   Training iter 200, batch loss 0.3807, batch acc 0.8954
00:17:14.166   Training iter 300, batch loss 0.4009, batch acc 0.8908
00:17:14.811   Training iter 400, batch loss 0.3893, batch acc 0.8952
00:17:15.457   Training iter 500, batch loss 0.3773, batch acc 0.8957
00:17:16.178   Training iter 600, batch loss 0.3716, batch acc 0.8963
00:17:16.180 Testing @ 4 epoch...
00:17:16.357     Testing, total mean loss 0.35531, total acc 0.90170
00:17:16.358 Training @ 5 epoch...
00:17:17.140   Training iter 100, batch loss 0.3609, batch acc 0.8995
00:17:17.835   Training iter 200, batch loss 0.3670, batch acc 0.8981
00:17:18.528   Training iter 300, batch loss 0.3542, batch acc 0.9012
00:17:19.187   Training iter 400, batch loss 0.3594, batch acc 0.8989
00:17:19.793   Training iter 500, batch loss 0.3632, batch acc 0.8992
00:17:20.339   Training iter 600, batch loss 0.3521, batch acc 0.9005
00:17:20.341 Testing @ 5 epoch...
00:17:20.515     Testing, total mean loss 0.33686, total acc 0.90620
00:17:20.515 Training @ 6 epoch...
00:17:21.201   Training iter 100, batch loss 0.3442, batch acc 0.9047
00:17:21.794   Training iter 200, batch loss 0.3421, batch acc 0.9060
00:17:22.318   Training iter 300, batch loss 0.3352, batch acc 0.9077
00:17:22.821   Training iter 400, batch loss 0.3404, batch acc 0.9010
00:17:23.277   Training iter 500, batch loss 0.3450, batch acc 0.8998
00:17:23.752   Training iter 600, batch loss 0.3426, batch acc 0.9020
00:17:23.754 Testing @ 6 epoch...
00:17:23.920     Testing, total mean loss 0.31999, total acc 0.91070
00:17:23.921 Training @ 7 epoch...
00:17:24.557   Training iter 100, batch loss 0.3321, batch acc 0.9076
00:17:25.104   Training iter 200, batch loss 0.3453, batch acc 0.9015
00:17:25.668   Training iter 300, batch loss 0.3232, batch acc 0.9106
00:17:26.251   Training iter 400, batch loss 0.3393, batch acc 0.9051
00:17:26.790   Training iter 500, batch loss 0.3167, batch acc 0.9118
00:17:27.224   Training iter 600, batch loss 0.3123, batch acc 0.9088
00:17:27.227 Testing @ 7 epoch...
00:17:27.385     Testing, total mean loss 0.31094, total acc 0.91190
00:17:27.386 Training @ 8 epoch...
00:17:27.864   Training iter 100, batch loss 0.3242, batch acc 0.9099
00:17:28.362   Training iter 200, batch loss 0.3294, batch acc 0.9058
00:17:29.011   Training iter 300, batch loss 0.3190, batch acc 0.9093
00:17:29.626   Training iter 400, batch loss 0.3109, batch acc 0.9109
00:17:30.315   Training iter 500, batch loss 0.3056, batch acc 0.9135
00:17:31.038   Training iter 600, batch loss 0.3186, batch acc 0.9092
00:17:31.040 Testing @ 8 epoch...
00:17:31.196     Testing, total mean loss 0.30239, total acc 0.91400
00:17:31.196 Training @ 9 epoch...
00:17:31.706   Training iter 100, batch loss 0.3171, batch acc 0.9099
00:17:32.302   Training iter 200, batch loss 0.3020, batch acc 0.9136
00:17:32.951   Training iter 300, batch loss 0.3067, batch acc 0.9118
00:17:33.636   Training iter 400, batch loss 0.3291, batch acc 0.9060
00:17:34.292   Training iter 500, batch loss 0.3061, batch acc 0.9141
00:17:34.880   Training iter 600, batch loss 0.2980, batch acc 0.9152
00:17:34.882 Testing @ 9 epoch...
00:17:35.043     Testing, total mean loss 0.29458, total acc 0.91520
00:17:35.044 Training @ 10 epoch...
00:17:35.892   Training iter 100, batch loss 0.3198, batch acc 0.9084
00:17:36.519   Training iter 200, batch loss 0.3070, batch acc 0.9157
00:17:37.097   Training iter 300, batch loss 0.3097, batch acc 0.9129
00:17:37.575   Training iter 400, batch loss 0.2948, batch acc 0.9183
00:17:38.078   Training iter 500, batch loss 0.2998, batch acc 0.9140
00:17:38.647   Training iter 600, batch loss 0.2893, batch acc 0.9162
00:17:38.650 Testing @ 10 epoch...
00:17:38.774     Testing, total mean loss 0.28948, total acc 0.91880
00:17:38.775 Training @ 11 epoch...
00:17:39.251   Training iter 100, batch loss 0.3036, batch acc 0.9120
00:17:39.749   Training iter 200, batch loss 0.2936, batch acc 0.9142
00:17:40.396   Training iter 300, batch loss 0.2964, batch acc 0.9154
00:17:41.013   Training iter 400, batch loss 0.2953, batch acc 0.9171
00:17:41.622   Training iter 500, batch loss 0.2976, batch acc 0.9168
00:17:42.278   Training iter 600, batch loss 0.2969, batch acc 0.9155
00:17:42.282 Testing @ 11 epoch...
00:17:42.451     Testing, total mean loss 0.28738, total acc 0.91890
00:17:42.451 Training @ 12 epoch...
00:17:43.208   Training iter 100, batch loss 0.2874, batch acc 0.9198
00:17:43.761   Training iter 200, batch loss 0.2877, batch acc 0.9183
00:17:44.399   Training iter 300, batch loss 0.2987, batch acc 0.9151
00:17:44.986   Training iter 400, batch loss 0.2913, batch acc 0.9156
00:17:45.474   Training iter 500, batch loss 0.2956, batch acc 0.9163
00:17:45.930   Training iter 600, batch loss 0.2938, batch acc 0.9174
00:17:45.933 Testing @ 12 epoch...
00:17:46.097     Testing, total mean loss 0.28329, total acc 0.91930
00:17:46.098 Training @ 13 epoch...
00:17:46.728   Training iter 100, batch loss 0.2876, batch acc 0.9159
00:17:47.344   Training iter 200, batch loss 0.2860, batch acc 0.9189
00:17:47.912   Training iter 300, batch loss 0.2786, batch acc 0.9203
00:17:48.455   Training iter 400, batch loss 0.2963, batch acc 0.9153
00:17:49.109   Training iter 500, batch loss 0.2974, batch acc 0.9179
00:17:49.686   Training iter 600, batch loss 0.2815, batch acc 0.9169
00:17:49.689 Testing @ 13 epoch...
00:17:49.881     Testing, total mean loss 0.27895, total acc 0.92000
00:17:49.881 Training @ 14 epoch...
00:17:50.431   Training iter 100, batch loss 0.2842, batch acc 0.9178
00:17:50.971   Training iter 200, batch loss 0.2838, batch acc 0.9205
00:17:51.505   Training iter 300, batch loss 0.2739, batch acc 0.9192
00:17:51.954   Training iter 400, batch loss 0.2917, batch acc 0.9197
00:17:52.556   Training iter 500, batch loss 0.2847, batch acc 0.9161
00:17:53.099   Training iter 600, batch loss 0.2839, batch acc 0.9205
00:17:53.101 Testing @ 14 epoch...
00:17:53.267     Testing, total mean loss 0.27361, total acc 0.92150
00:17:53.267 Training @ 15 epoch...
00:17:53.877   Training iter 100, batch loss 0.2724, batch acc 0.9225
00:17:54.642   Training iter 200, batch loss 0.2830, batch acc 0.9164
00:17:55.492   Training iter 300, batch loss 0.2844, batch acc 0.9209
00:17:56.213   Training iter 400, batch loss 0.2818, batch acc 0.9208
00:17:56.945   Training iter 500, batch loss 0.2847, batch acc 0.9175
00:17:57.774   Training iter 600, batch loss 0.2728, batch acc 0.9235
00:17:57.777 Testing @ 15 epoch...
00:17:57.938     Testing, total mean loss 0.27398, total acc 0.92210
00:17:57.938 Training @ 16 epoch...
00:17:58.632   Training iter 100, batch loss 0.2849, batch acc 0.9186
00:17:59.367   Training iter 200, batch loss 0.2658, batch acc 0.9269
00:18:00.113   Training iter 300, batch loss 0.2816, batch acc 0.9192
00:18:00.857   Training iter 400, batch loss 0.2716, batch acc 0.9204
00:18:01.569   Training iter 500, batch loss 0.2792, batch acc 0.9219
00:18:02.370   Training iter 600, batch loss 0.2741, batch acc 0.9208
00:18:02.373 Testing @ 16 epoch...
00:18:02.531     Testing, total mean loss 0.26885, total acc 0.92120
00:18:02.532 Training @ 17 epoch...
00:18:03.392   Training iter 100, batch loss 0.2742, batch acc 0.9187
00:18:04.170   Training iter 200, batch loss 0.2714, batch acc 0.9222
00:18:04.992   Training iter 300, batch loss 0.2774, batch acc 0.9223
00:18:05.704   Training iter 400, batch loss 0.2643, batch acc 0.9258
00:18:06.427   Training iter 500, batch loss 0.2804, batch acc 0.9196
00:18:07.102   Training iter 600, batch loss 0.2690, batch acc 0.9257
00:18:07.104 Testing @ 17 epoch...
00:18:07.263     Testing, total mean loss 0.26684, total acc 0.92560
00:18:07.264 Training @ 18 epoch...
00:18:07.989   Training iter 100, batch loss 0.2845, batch acc 0.9189
00:18:08.719   Training iter 200, batch loss 0.2729, batch acc 0.9217
00:18:09.371   Training iter 300, batch loss 0.2702, batch acc 0.9237
00:18:09.857   Training iter 400, batch loss 0.2606, batch acc 0.9277
00:18:10.292   Training iter 500, batch loss 0.2613, batch acc 0.9258
00:18:10.852   Training iter 600, batch loss 0.2667, batch acc 0.9224
00:18:10.855 Testing @ 18 epoch...
00:18:11.004     Testing, total mean loss 0.26157, total acc 0.92550
00:18:11.004 Training @ 19 epoch...
00:18:11.523   Training iter 100, batch loss 0.2571, batch acc 0.9237
00:18:12.028   Training iter 200, batch loss 0.2733, batch acc 0.9234
00:18:12.503   Training iter 300, batch loss 0.2610, batch acc 0.9261
00:18:12.958   Training iter 400, batch loss 0.2608, batch acc 0.9255
00:18:13.426   Training iter 500, batch loss 0.2642, batch acc 0.9269
00:18:13.889   Training iter 600, batch loss 0.2810, batch acc 0.9195
00:18:13.891 Testing @ 19 epoch...
00:18:14.037     Testing, total mean loss 0.26119, total acc 0.92580
00:18:14.038 Training @ 20 epoch...
00:18:14.593   Training iter 100, batch loss 0.2696, batch acc 0.9260
00:18:15.172   Training iter 200, batch loss 0.2641, batch acc 0.9245
00:18:15.652   Training iter 300, batch loss 0.2656, batch acc 0.9260
00:18:16.119   Training iter 400, batch loss 0.2587, batch acc 0.9272
00:18:16.664   Training iter 500, batch loss 0.2658, batch acc 0.9228
00:18:17.355   Training iter 600, batch loss 0.2560, batch acc 0.9261
00:18:17.361 Testing @ 20 epoch...
00:18:17.528     Testing, total mean loss 0.25735, total acc 0.92680
00:18:17.528 Training @ 21 epoch...
00:18:17.974   Training iter 100, batch loss 0.2656, batch acc 0.9230
00:18:18.446   Training iter 200, batch loss 0.2537, batch acc 0.9266
00:18:18.955   Training iter 300, batch loss 0.2549, batch acc 0.9295
00:18:19.573   Training iter 400, batch loss 0.2569, batch acc 0.9291
00:18:20.036   Training iter 500, batch loss 0.2710, batch acc 0.9219
00:18:20.623   Training iter 600, batch loss 0.2579, batch acc 0.9279
00:18:20.626 Testing @ 21 epoch...
00:18:20.793     Testing, total mean loss 0.25413, total acc 0.92790
00:18:20.793 Training @ 22 epoch...
00:18:21.412   Training iter 100, batch loss 0.2657, batch acc 0.9250
00:18:21.895   Training iter 200, batch loss 0.2528, batch acc 0.9277
00:18:22.471   Training iter 300, batch loss 0.2562, batch acc 0.9279
00:18:23.102   Training iter 400, batch loss 0.2529, batch acc 0.9275
00:18:23.787   Training iter 500, batch loss 0.2553, batch acc 0.9302
00:18:24.318   Training iter 600, batch loss 0.2584, batch acc 0.9257
00:18:24.321 Testing @ 22 epoch...
00:18:24.488     Testing, total mean loss 0.25256, total acc 0.92830
00:18:24.489 Training @ 23 epoch...
00:18:25.159   Training iter 100, batch loss 0.2399, batch acc 0.9326
00:18:25.798   Training iter 200, batch loss 0.2558, batch acc 0.9290
00:18:26.307   Training iter 300, batch loss 0.2571, batch acc 0.9287
00:18:26.909   Training iter 400, batch loss 0.2605, batch acc 0.9208
00:18:27.504   Training iter 500, batch loss 0.2623, batch acc 0.9237
00:18:28.039   Training iter 600, batch loss 0.2480, batch acc 0.9326
00:18:28.041 Testing @ 23 epoch...
00:18:28.207     Testing, total mean loss 0.25048, total acc 0.92950
00:18:28.208 Training @ 24 epoch...
00:18:28.861   Training iter 100, batch loss 0.2648, batch acc 0.9244
00:18:29.344   Training iter 200, batch loss 0.2549, batch acc 0.9269
00:18:29.845   Training iter 300, batch loss 0.2397, batch acc 0.9318
00:18:30.541   Training iter 400, batch loss 0.2415, batch acc 0.9301
00:18:31.119   Training iter 500, batch loss 0.2478, batch acc 0.9305
00:18:31.701   Training iter 600, batch loss 0.2567, batch acc 0.9276
00:18:31.703 Testing @ 24 epoch...
00:18:31.875     Testing, total mean loss 0.24868, total acc 0.92940
00:18:31.875 Training @ 25 epoch...
00:18:32.487   Training iter 100, batch loss 0.2557, batch acc 0.9290
00:18:33.161   Training iter 200, batch loss 0.2487, batch acc 0.9296
00:18:33.755   Training iter 300, batch loss 0.2409, batch acc 0.9317
00:18:34.377   Training iter 400, batch loss 0.2399, batch acc 0.9346
00:18:34.924   Training iter 500, batch loss 0.2545, batch acc 0.9270
00:18:35.444   Training iter 600, batch loss 0.2496, batch acc 0.9276
00:18:35.446 Testing @ 25 epoch...
00:18:35.585     Testing, total mean loss 0.24443, total acc 0.93150
00:18:35.585 Training @ 26 epoch...
00:18:36.269   Training iter 100, batch loss 0.2492, batch acc 0.9299
00:18:36.822   Training iter 200, batch loss 0.2456, batch acc 0.9302
00:18:37.466   Training iter 300, batch loss 0.2351, batch acc 0.9313
00:18:38.040   Training iter 400, batch loss 0.2489, batch acc 0.9306
00:18:38.762   Training iter 500, batch loss 0.2608, batch acc 0.9281
00:18:39.383   Training iter 600, batch loss 0.2331, batch acc 0.9340
00:18:39.385 Testing @ 26 epoch...
00:18:39.593     Testing, total mean loss 0.24109, total acc 0.93290
00:18:39.593 Training @ 27 epoch...
00:18:40.290   Training iter 100, batch loss 0.2396, batch acc 0.9304
00:18:40.874   Training iter 200, batch loss 0.2574, batch acc 0.9262
00:18:41.463   Training iter 300, batch loss 0.2421, batch acc 0.9322
00:18:42.080   Training iter 400, batch loss 0.2317, batch acc 0.9360
00:18:42.532   Training iter 500, batch loss 0.2427, batch acc 0.9306
00:18:43.353   Training iter 600, batch loss 0.2418, batch acc 0.9327
00:18:43.355 Testing @ 27 epoch...
00:18:43.532     Testing, total mean loss 0.24015, total acc 0.93150
00:18:43.532 Training @ 28 epoch...
00:18:44.281   Training iter 100, batch loss 0.2379, batch acc 0.9316
00:18:45.032   Training iter 200, batch loss 0.2378, batch acc 0.9354
00:18:45.732   Training iter 300, batch loss 0.2379, batch acc 0.9310
00:18:46.333   Training iter 400, batch loss 0.2434, batch acc 0.9324
00:18:46.956   Training iter 500, batch loss 0.2391, batch acc 0.9370
00:18:47.543   Training iter 600, batch loss 0.2416, batch acc 0.9313
00:18:47.545 Testing @ 28 epoch...
00:18:47.724     Testing, total mean loss 0.23795, total acc 0.93200
00:18:47.724 Training @ 29 epoch...
00:18:48.423   Training iter 100, batch loss 0.2355, batch acc 0.9347
00:18:49.113   Training iter 200, batch loss 0.2369, batch acc 0.9324
00:18:49.801   Training iter 300, batch loss 0.2433, batch acc 0.9304
00:18:50.545   Training iter 400, batch loss 0.2299, batch acc 0.9348
00:18:51.250   Training iter 500, batch loss 0.2404, batch acc 0.9340
00:18:51.959   Training iter 600, batch loss 0.2343, batch acc 0.9341
00:18:51.961 Testing @ 29 epoch...
00:18:52.127     Testing, total mean loss 0.23432, total acc 0.93490
00:18:52.127 Training @ 30 epoch...
00:18:52.860   Training iter 100, batch loss 0.2496, batch acc 0.9294
00:18:53.563   Training iter 200, batch loss 0.2353, batch acc 0.9320
00:18:54.281   Training iter 300, batch loss 0.2334, batch acc 0.9347
00:18:54.997   Training iter 400, batch loss 0.2282, batch acc 0.9364
00:18:55.711   Training iter 500, batch loss 0.2365, batch acc 0.9330
00:18:56.531   Training iter 600, batch loss 0.2198, batch acc 0.9385
00:18:56.534 Testing @ 30 epoch...
00:18:56.700     Testing, total mean loss 0.23289, total acc 0.93460
00:18:56.701 Training @ 31 epoch...
00:18:57.418   Training iter 100, batch loss 0.2236, batch acc 0.9408
00:18:58.123   Training iter 200, batch loss 0.2317, batch acc 0.9356
00:18:58.846   Training iter 300, batch loss 0.2239, batch acc 0.9366
00:18:59.568   Training iter 400, batch loss 0.2422, batch acc 0.9309
00:19:00.292   Training iter 500, batch loss 0.2293, batch acc 0.9342
00:19:01.053   Training iter 600, batch loss 0.2369, batch acc 0.9311
00:19:01.056 Testing @ 31 epoch...
00:19:01.257     Testing, total mean loss 0.22892, total acc 0.93470
00:19:01.257 Training @ 32 epoch...
00:19:02.119   Training iter 100, batch loss 0.2262, batch acc 0.9376
00:19:02.934   Training iter 200, batch loss 0.2209, batch acc 0.9364
00:19:03.420   Training iter 300, batch loss 0.2206, batch acc 0.9384
00:19:03.905   Training iter 400, batch loss 0.2443, batch acc 0.9311
00:19:04.520   Training iter 500, batch loss 0.2402, batch acc 0.9343
00:19:05.053   Training iter 600, batch loss 0.2189, batch acc 0.9375
00:19:05.055 Testing @ 32 epoch...
00:19:05.203     Testing, total mean loss 0.22786, total acc 0.93520
00:19:05.203 Training @ 33 epoch...
00:19:05.984   Training iter 100, batch loss 0.2193, batch acc 0.9391
00:19:06.687   Training iter 200, batch loss 0.2184, batch acc 0.9366
00:19:07.491   Training iter 300, batch loss 0.2281, batch acc 0.9314
00:19:08.203   Training iter 400, batch loss 0.2257, batch acc 0.9368
00:19:08.925   Training iter 500, batch loss 0.2319, batch acc 0.9382
00:19:09.648   Training iter 600, batch loss 0.2308, batch acc 0.9364
00:19:09.650 Testing @ 33 epoch...
00:19:09.817     Testing, total mean loss 0.22429, total acc 0.93630
00:19:09.817 Training @ 34 epoch...
00:19:10.751   Training iter 100, batch loss 0.2160, batch acc 0.9388
00:19:11.351   Training iter 200, batch loss 0.2158, batch acc 0.9379
00:19:12.056   Training iter 300, batch loss 0.2204, batch acc 0.9357
00:19:12.620   Training iter 400, batch loss 0.2336, batch acc 0.9340
00:19:13.116   Training iter 500, batch loss 0.2292, batch acc 0.9393
00:19:13.583   Training iter 600, batch loss 0.2216, batch acc 0.9401
00:19:13.585 Testing @ 34 epoch...
00:19:13.731     Testing, total mean loss 0.22217, total acc 0.93700
00:19:13.731 Training @ 35 epoch...
00:19:14.321   Training iter 100, batch loss 0.2183, batch acc 0.9403
00:19:14.890   Training iter 200, batch loss 0.2247, batch acc 0.9367
00:19:15.366   Training iter 300, batch loss 0.2154, batch acc 0.9391
00:19:15.964   Training iter 400, batch loss 0.2192, batch acc 0.9405
00:19:16.510   Training iter 500, batch loss 0.2215, batch acc 0.9377
00:19:17.168   Training iter 600, batch loss 0.2219, batch acc 0.9368
00:19:17.171 Testing @ 35 epoch...
00:19:17.323     Testing, total mean loss 0.21894, total acc 0.93830
00:19:17.323 Training @ 36 epoch...
00:19:18.127   Training iter 100, batch loss 0.2228, batch acc 0.9378
00:19:18.848   Training iter 200, batch loss 0.2231, batch acc 0.9362
00:19:19.334   Training iter 300, batch loss 0.2208, batch acc 0.9381
00:19:19.844   Training iter 400, batch loss 0.2174, batch acc 0.9392
00:19:20.360   Training iter 500, batch loss 0.2098, batch acc 0.9419
00:19:20.829   Training iter 600, batch loss 0.2110, batch acc 0.9406
00:19:20.832 Testing @ 36 epoch...
00:19:20.966     Testing, total mean loss 0.21678, total acc 0.93960
00:19:20.966 Training @ 37 epoch...
00:19:21.425   Training iter 100, batch loss 0.2119, batch acc 0.9409
00:19:21.871   Training iter 200, batch loss 0.2153, batch acc 0.9383
00:19:22.296   Training iter 300, batch loss 0.2168, batch acc 0.9390
00:19:22.795   Training iter 400, batch loss 0.2121, batch acc 0.9401
00:19:23.305   Training iter 500, batch loss 0.2118, batch acc 0.9402
00:19:23.843   Training iter 600, batch loss 0.2208, batch acc 0.9396
00:19:23.846 Testing @ 37 epoch...
00:19:24.034     Testing, total mean loss 0.21507, total acc 0.93880
00:19:24.034 Training @ 38 epoch...
00:19:24.670   Training iter 100, batch loss 0.2126, batch acc 0.9423
00:19:25.228   Training iter 200, batch loss 0.2129, batch acc 0.9420
00:19:25.705   Training iter 300, batch loss 0.2031, batch acc 0.9420
00:19:26.186   Training iter 400, batch loss 0.2144, batch acc 0.9390
00:19:26.702   Training iter 500, batch loss 0.2180, batch acc 0.9380
00:19:27.257   Training iter 600, batch loss 0.2128, batch acc 0.9406
00:19:27.260 Testing @ 38 epoch...
00:19:27.472     Testing, total mean loss 0.21179, total acc 0.93890
00:19:27.473 Training @ 39 epoch...
00:19:28.060   Training iter 100, batch loss 0.2228, batch acc 0.9363
00:19:28.587   Training iter 200, batch loss 0.2015, batch acc 0.9466
00:19:29.145   Training iter 300, batch loss 0.2068, batch acc 0.9401
00:19:29.648   Training iter 400, batch loss 0.2108, batch acc 0.9429
00:19:30.164   Training iter 500, batch loss 0.2050, batch acc 0.9428
00:19:30.662   Training iter 600, batch loss 0.2114, batch acc 0.9421
00:19:30.666 Testing @ 39 epoch...
00:19:30.811     Testing, total mean loss 0.21309, total acc 0.93960
00:19:30.812 Training @ 40 epoch...
00:19:31.305   Training iter 100, batch loss 0.2072, batch acc 0.9428
00:19:31.947   Training iter 200, batch loss 0.2135, batch acc 0.9423
00:19:32.694   Training iter 300, batch loss 0.2050, batch acc 0.9443
00:19:33.413   Training iter 400, batch loss 0.2045, batch acc 0.9396
00:19:34.157   Training iter 500, batch loss 0.2078, batch acc 0.9401
00:19:34.862   Training iter 600, batch loss 0.2048, batch acc 0.9451
00:19:34.866 Testing @ 40 epoch...
00:19:35.043     Testing, total mean loss 0.20649, total acc 0.94180
00:19:35.043 Training @ 41 epoch...
00:19:35.631   Training iter 100, batch loss 0.2047, batch acc 0.9422
00:19:36.354   Training iter 200, batch loss 0.1983, batch acc 0.9458
00:19:36.858   Training iter 300, batch loss 0.1988, batch acc 0.9451
00:19:37.365   Training iter 400, batch loss 0.2170, batch acc 0.9392
00:19:37.859   Training iter 500, batch loss 0.2073, batch acc 0.9420
00:19:38.481   Training iter 600, batch loss 0.2026, batch acc 0.9435
00:19:38.484 Testing @ 41 epoch...
00:19:38.673     Testing, total mean loss 0.20468, total acc 0.94180
00:19:38.674 Training @ 42 epoch...
00:19:39.334   Training iter 100, batch loss 0.2098, batch acc 0.9406
00:19:39.927   Training iter 200, batch loss 0.1999, batch acc 0.9449
00:19:40.545   Training iter 300, batch loss 0.1936, batch acc 0.9445
00:19:41.225   Training iter 400, batch loss 0.2048, batch acc 0.9438
00:19:41.781   Training iter 500, batch loss 0.2033, batch acc 0.9433
00:19:42.423   Training iter 600, batch loss 0.2023, batch acc 0.9440
00:19:42.427 Testing @ 42 epoch...
00:19:42.575     Testing, total mean loss 0.20338, total acc 0.94290
00:19:42.575 Training @ 43 epoch...
00:19:43.658   Training iter 100, batch loss 0.2017, batch acc 0.9431
00:19:44.287   Training iter 200, batch loss 0.1998, batch acc 0.9438
00:19:44.902   Training iter 300, batch loss 0.1988, batch acc 0.9454
00:19:45.398   Training iter 400, batch loss 0.2057, batch acc 0.9421
00:19:46.095   Training iter 500, batch loss 0.1977, batch acc 0.9455
00:19:46.811   Training iter 600, batch loss 0.1969, batch acc 0.9457
00:19:46.814 Testing @ 43 epoch...
00:19:46.970     Testing, total mean loss 0.20116, total acc 0.94330
00:19:46.971 Training @ 44 epoch...
00:19:47.569   Training iter 100, batch loss 0.2066, batch acc 0.9423
00:19:48.137   Training iter 200, batch loss 0.1920, batch acc 0.9456
00:19:48.683   Training iter 300, batch loss 0.2012, batch acc 0.9460
00:19:49.341   Training iter 400, batch loss 0.1866, batch acc 0.9505
00:19:49.985   Training iter 500, batch loss 0.1997, batch acc 0.9437
00:19:50.558   Training iter 600, batch loss 0.2004, batch acc 0.9419
00:19:50.560 Testing @ 44 epoch...
00:19:50.726     Testing, total mean loss 0.19840, total acc 0.94290
00:19:50.727 Training @ 45 epoch...
00:19:51.290   Training iter 100, batch loss 0.2014, batch acc 0.9423
00:19:51.862   Training iter 200, batch loss 0.1937, batch acc 0.9479
00:19:52.518   Training iter 300, batch loss 0.1995, batch acc 0.9443
00:19:53.134   Training iter 400, batch loss 0.1875, batch acc 0.9448
00:19:53.810   Training iter 500, batch loss 0.1954, batch acc 0.9475
00:19:54.318   Training iter 600, batch loss 0.1952, batch acc 0.9440
00:19:54.321 Testing @ 45 epoch...
00:19:54.473     Testing, total mean loss 0.19646, total acc 0.94400
00:19:54.473 Training @ 46 epoch...
00:19:55.227   Training iter 100, batch loss 0.1918, batch acc 0.9440
00:19:55.927   Training iter 200, batch loss 0.1948, batch acc 0.9467
00:19:56.577   Training iter 300, batch loss 0.1963, batch acc 0.9456
00:19:57.261   Training iter 400, batch loss 0.1987, batch acc 0.9454
00:19:57.845   Training iter 500, batch loss 0.1886, batch acc 0.9484
00:19:58.484   Training iter 600, batch loss 0.1900, batch acc 0.9459
00:19:58.486 Testing @ 46 epoch...
00:19:58.655     Testing, total mean loss 0.19384, total acc 0.94460
00:19:58.655 Training @ 47 epoch...
00:19:59.221   Training iter 100, batch loss 0.1850, batch acc 0.9474
00:19:59.910   Training iter 200, batch loss 0.1900, batch acc 0.9470
00:20:00.632   Training iter 300, batch loss 0.1946, batch acc 0.9479
00:20:01.345   Training iter 400, batch loss 0.1836, batch acc 0.9495
00:20:02.088   Training iter 500, batch loss 0.1972, batch acc 0.9452
00:20:02.686   Training iter 600, batch loss 0.1954, batch acc 0.9444
00:20:02.689 Testing @ 47 epoch...
00:20:02.839     Testing, total mean loss 0.19122, total acc 0.94620
00:20:02.840 Training @ 48 epoch...
00:20:03.356   Training iter 100, batch loss 0.1926, batch acc 0.9479
00:20:03.842   Training iter 200, batch loss 0.1917, batch acc 0.9473
00:20:04.348   Training iter 300, batch loss 0.1887, batch acc 0.9485
00:20:04.914   Training iter 400, batch loss 0.1893, batch acc 0.9474
00:20:05.504   Training iter 500, batch loss 0.1889, batch acc 0.9470
00:20:06.025   Training iter 600, batch loss 0.1813, batch acc 0.9482
00:20:06.028 Testing @ 48 epoch...
00:20:06.191     Testing, total mean loss 0.19067, total acc 0.94520
00:20:06.191 Training @ 49 epoch...
00:20:06.726   Training iter 100, batch loss 0.1938, batch acc 0.9437
00:20:07.264   Training iter 200, batch loss 0.1892, batch acc 0.9468
00:20:07.813   Training iter 300, batch loss 0.1824, batch acc 0.9519
00:20:08.414   Training iter 400, batch loss 0.1925, batch acc 0.9464
00:20:08.986   Training iter 500, batch loss 0.1753, batch acc 0.9510
00:20:09.606   Training iter 600, batch loss 0.1877, batch acc 0.9500
00:20:09.609 Testing @ 49 epoch...
00:20:09.841     Testing, total mean loss 0.18771, total acc 0.94640
00:20:09.842 Training @ 50 epoch...
00:20:10.446   Training iter 100, batch loss 0.1899, batch acc 0.9466
00:20:10.958   Training iter 200, batch loss 0.1872, batch acc 0.9478
00:20:11.540   Training iter 300, batch loss 0.1940, batch acc 0.9438
00:20:12.196   Training iter 400, batch loss 0.1814, batch acc 0.9503
00:20:13.062   Training iter 500, batch loss 0.1832, batch acc 0.9508
00:20:13.671   Training iter 600, batch loss 0.1715, batch acc 0.9537
00:20:13.673 Testing @ 50 epoch...
00:20:13.838     Testing, total mean loss 0.18671, total acc 0.94730
00:20:13.838 Training @ 51 epoch...
00:20:14.344   Training iter 100, batch loss 0.1839, batch acc 0.9480
00:20:14.933   Training iter 200, batch loss 0.1816, batch acc 0.9491
00:20:15.489   Training iter 300, batch loss 0.1831, batch acc 0.9481
00:20:16.019   Training iter 400, batch loss 0.1724, batch acc 0.9524
00:20:16.515   Training iter 500, batch loss 0.1865, batch acc 0.9486
00:20:17.017   Training iter 600, batch loss 0.1899, batch acc 0.9479
00:20:17.019 Testing @ 51 epoch...
00:20:17.184     Testing, total mean loss 0.18384, total acc 0.94710
00:20:17.184 Training @ 52 epoch...
00:20:17.815   Training iter 100, batch loss 0.1736, batch acc 0.9527
00:20:18.542   Training iter 200, batch loss 0.1802, batch acc 0.9468
00:20:19.263   Training iter 300, batch loss 0.1756, batch acc 0.9516
00:20:20.060   Training iter 400, batch loss 0.1818, batch acc 0.9500
00:20:20.907   Training iter 500, batch loss 0.1899, batch acc 0.9486
00:20:21.651   Training iter 600, batch loss 0.1842, batch acc 0.9483
00:20:21.656 Testing @ 52 epoch...
00:20:21.855     Testing, total mean loss 0.18323, total acc 0.94760
00:20:21.855 Training @ 53 epoch...
00:20:22.672   Training iter 100, batch loss 0.1760, batch acc 0.9522
00:20:23.318   Training iter 200, batch loss 0.1738, batch acc 0.9497
00:20:24.029   Training iter 300, batch loss 0.1845, batch acc 0.9501
00:20:24.749   Training iter 400, batch loss 0.1856, batch acc 0.9495
00:20:25.481   Training iter 500, batch loss 0.1821, batch acc 0.9488
00:20:26.185   Training iter 600, batch loss 0.1741, batch acc 0.9528
00:20:26.187 Testing @ 53 epoch...
00:20:26.406     Testing, total mean loss 0.18068, total acc 0.94850
00:20:26.406 Training @ 54 epoch...
00:20:27.202   Training iter 100, batch loss 0.1745, batch acc 0.9499
00:20:27.716   Training iter 200, batch loss 0.1786, batch acc 0.9495
00:20:28.155   Training iter 300, batch loss 0.1861, batch acc 0.9481
00:20:28.625   Training iter 400, batch loss 0.1645, batch acc 0.9553
00:20:29.101   Training iter 500, batch loss 0.1763, batch acc 0.9512
00:20:29.571   Training iter 600, batch loss 0.1839, batch acc 0.9512
00:20:29.574 Testing @ 54 epoch...
00:20:29.719     Testing, total mean loss 0.17873, total acc 0.94810
00:20:29.719 Training @ 55 epoch...
00:20:30.229   Training iter 100, batch loss 0.1792, batch acc 0.9516
00:20:30.706   Training iter 200, batch loss 0.1798, batch acc 0.9503
00:20:31.175   Training iter 300, batch loss 0.1753, batch acc 0.9504
00:20:31.638   Training iter 400, batch loss 0.1756, batch acc 0.9514
00:20:32.100   Training iter 500, batch loss 0.1708, batch acc 0.9528
00:20:32.554   Training iter 600, batch loss 0.1740, batch acc 0.9518
00:20:32.557 Testing @ 55 epoch...
00:20:32.706     Testing, total mean loss 0.17835, total acc 0.94860
00:20:32.707 Training @ 56 epoch...
00:20:33.191   Training iter 100, batch loss 0.1658, batch acc 0.9565
00:20:33.652   Training iter 200, batch loss 0.1687, batch acc 0.9521
00:20:34.119   Training iter 300, batch loss 0.1825, batch acc 0.9485
00:20:34.569   Training iter 400, batch loss 0.1742, batch acc 0.9521
00:20:35.043   Training iter 500, batch loss 0.1757, batch acc 0.9505
00:20:35.552   Training iter 600, batch loss 0.1762, batch acc 0.9522
00:20:35.555 Testing @ 56 epoch...
00:20:35.701     Testing, total mean loss 0.17733, total acc 0.94860
00:20:35.701 Training @ 57 epoch...
00:20:36.235   Training iter 100, batch loss 0.1752, batch acc 0.9497
00:20:36.719   Training iter 200, batch loss 0.1707, batch acc 0.9523
00:20:37.293   Training iter 300, batch loss 0.1673, batch acc 0.9544
00:20:37.909   Training iter 400, batch loss 0.1708, batch acc 0.9527
00:20:38.419   Training iter 500, batch loss 0.1796, batch acc 0.9494
00:20:38.930   Training iter 600, batch loss 0.1697, batch acc 0.9543
00:20:38.933 Testing @ 57 epoch...
00:20:39.100     Testing, total mean loss 0.17605, total acc 0.95000
00:20:39.100 Training @ 58 epoch...
00:20:39.636   Training iter 100, batch loss 0.1655, batch acc 0.9550
00:20:40.128   Training iter 200, batch loss 0.1851, batch acc 0.9482
00:20:40.578   Training iter 300, batch loss 0.1713, batch acc 0.9551
00:20:41.039   Training iter 400, batch loss 0.1644, batch acc 0.9537
00:20:41.512   Training iter 500, batch loss 0.1735, batch acc 0.9505
00:20:42.224   Training iter 600, batch loss 0.1638, batch acc 0.9540
00:20:42.226 Testing @ 58 epoch...
00:20:42.436     Testing, total mean loss 0.17399, total acc 0.94930
00:20:42.437 Training @ 59 epoch...
00:20:43.143   Training iter 100, batch loss 0.1694, batch acc 0.9517
00:20:43.784   Training iter 200, batch loss 0.1608, batch acc 0.9546
00:20:44.237   Training iter 300, batch loss 0.1715, batch acc 0.9532
00:20:44.687   Training iter 400, batch loss 0.1688, batch acc 0.9550
00:20:45.255   Training iter 500, batch loss 0.1626, batch acc 0.9546
00:20:45.835   Training iter 600, batch loss 0.1807, batch acc 0.9503
00:20:45.837 Testing @ 59 epoch...
00:20:45.990     Testing, total mean loss 0.17178, total acc 0.95030
00:20:45.991 Training @ 60 epoch...
00:20:46.606   Training iter 100, batch loss 0.1631, batch acc 0.9544
00:20:47.176   Training iter 200, batch loss 0.1795, batch acc 0.9522
00:20:47.704   Training iter 300, batch loss 0.1551, batch acc 0.9574
00:20:48.181   Training iter 400, batch loss 0.1757, batch acc 0.9532
00:20:48.708   Training iter 500, batch loss 0.1604, batch acc 0.9556
00:20:49.205   Training iter 600, batch loss 0.1701, batch acc 0.9508
00:20:49.209 Testing @ 60 epoch...
00:20:49.351     Testing, total mean loss 0.17071, total acc 0.95070
00:20:49.351 Training @ 61 epoch...
00:20:49.850   Training iter 100, batch loss 0.1618, batch acc 0.9573
00:20:50.539   Training iter 200, batch loss 0.1681, batch acc 0.9529
00:20:51.107   Training iter 300, batch loss 0.1723, batch acc 0.9520
00:20:51.749   Training iter 400, batch loss 0.1682, batch acc 0.9518
00:20:52.356   Training iter 500, batch loss 0.1658, batch acc 0.9543
00:20:53.009   Training iter 600, batch loss 0.1590, batch acc 0.9561
00:20:53.012 Testing @ 61 epoch...
00:20:53.199     Testing, total mean loss 0.17048, total acc 0.95180
00:20:53.199 Training @ 62 epoch...
00:20:53.861   Training iter 100, batch loss 0.1646, batch acc 0.9564
00:20:54.533   Training iter 200, batch loss 0.1588, batch acc 0.9530
00:20:55.344   Training iter 300, batch loss 0.1586, batch acc 0.9576
00:20:56.145   Training iter 400, batch loss 0.1673, batch acc 0.9531
00:20:56.837   Training iter 500, batch loss 0.1753, batch acc 0.9527
00:20:57.477   Training iter 600, batch loss 0.1615, batch acc 0.9539
00:20:57.479 Testing @ 62 epoch...
00:20:57.661     Testing, total mean loss 0.16813, total acc 0.95080
00:20:57.661 Training @ 63 epoch...
00:20:58.342   Training iter 100, batch loss 0.1612, batch acc 0.9560
00:20:58.991   Training iter 200, batch loss 0.1700, batch acc 0.9533
00:20:59.620   Training iter 300, batch loss 0.1582, batch acc 0.9562
00:21:00.238   Training iter 400, batch loss 0.1664, batch acc 0.9545
00:21:00.843   Training iter 500, batch loss 0.1685, batch acc 0.9528
00:21:01.479   Training iter 600, batch loss 0.1529, batch acc 0.9564
00:21:01.481 Testing @ 63 epoch...
00:21:01.640     Testing, total mean loss 0.16627, total acc 0.95230
00:21:01.640 Training @ 64 epoch...
00:21:02.343   Training iter 100, batch loss 0.1774, batch acc 0.9493
00:21:02.819   Training iter 200, batch loss 0.1542, batch acc 0.9586
00:21:03.241   Training iter 300, batch loss 0.1583, batch acc 0.9562
00:21:03.697   Training iter 400, batch loss 0.1577, batch acc 0.9539
00:21:04.142   Training iter 500, batch loss 0.1585, batch acc 0.9578
00:21:04.602   Training iter 600, batch loss 0.1626, batch acc 0.9550
00:21:04.605 Testing @ 64 epoch...
00:21:04.744     Testing, total mean loss 0.16596, total acc 0.95300
00:21:04.745 Training @ 65 epoch...
00:21:05.271   Training iter 100, batch loss 0.1614, batch acc 0.9536
00:21:05.825   Training iter 200, batch loss 0.1480, batch acc 0.9593
00:21:06.357   Training iter 300, batch loss 0.1642, batch acc 0.9541
00:21:06.968   Training iter 400, batch loss 0.1612, batch acc 0.9535
00:21:07.500   Training iter 500, batch loss 0.1661, batch acc 0.9554
00:21:08.224   Training iter 600, batch loss 0.1602, batch acc 0.9575
00:21:08.228 Testing @ 65 epoch...
00:21:08.390     Testing, total mean loss 0.16467, total acc 0.95310
00:21:08.390 Training @ 66 epoch...
00:21:09.141   Training iter 100, batch loss 0.1589, batch acc 0.9560
00:21:09.704   Training iter 200, batch loss 0.1573, batch acc 0.9563
00:21:10.293   Training iter 300, batch loss 0.1583, batch acc 0.9571
00:21:10.928   Training iter 400, batch loss 0.1558, batch acc 0.9571
00:21:11.831   Training iter 500, batch loss 0.1629, batch acc 0.9544
00:21:12.807   Training iter 600, batch loss 0.1593, batch acc 0.9534
00:21:12.809 Testing @ 66 epoch...
00:21:12.996     Testing, total mean loss 0.16408, total acc 0.95340
00:21:12.997 Training @ 67 epoch...
00:21:13.738   Training iter 100, batch loss 0.1525, batch acc 0.9578
00:21:14.412   Training iter 200, batch loss 0.1592, batch acc 0.9547
00:21:14.878   Training iter 300, batch loss 0.1586, batch acc 0.9554
00:21:15.368   Training iter 400, batch loss 0.1596, batch acc 0.9564
00:21:15.855   Training iter 500, batch loss 0.1628, batch acc 0.9543
00:21:16.297   Training iter 600, batch loss 0.1526, batch acc 0.9576
00:21:16.300 Testing @ 67 epoch...
00:21:16.439     Testing, total mean loss 0.16311, total acc 0.95260
00:21:16.439 Training @ 68 epoch...
00:21:16.960   Training iter 100, batch loss 0.1509, batch acc 0.9578
00:21:17.541   Training iter 200, batch loss 0.1598, batch acc 0.9551
00:21:18.159   Training iter 300, batch loss 0.1589, batch acc 0.9559
00:21:18.721   Training iter 400, batch loss 0.1574, batch acc 0.9561
00:21:19.364   Training iter 500, batch loss 0.1610, batch acc 0.9556
00:21:19.874   Training iter 600, batch loss 0.1504, batch acc 0.9575
00:21:19.876 Testing @ 68 epoch...
00:21:20.032     Testing, total mean loss 0.16216, total acc 0.95320
00:21:20.032 Training @ 69 epoch...
00:21:20.748   Training iter 100, batch loss 0.1522, batch acc 0.9573
00:21:21.284   Training iter 200, batch loss 0.1549, batch acc 0.9559
00:21:21.921   Training iter 300, batch loss 0.1592, batch acc 0.9568
00:21:22.621   Training iter 400, batch loss 0.1487, batch acc 0.9605
00:21:23.329   Training iter 500, batch loss 0.1534, batch acc 0.9582
00:21:24.027   Training iter 600, batch loss 0.1613, batch acc 0.9557
00:21:24.030 Testing @ 69 epoch...
00:21:24.197     Testing, total mean loss 0.16187, total acc 0.95320
00:21:24.198 Training @ 70 epoch...
00:21:24.757   Training iter 100, batch loss 0.1506, batch acc 0.9599
00:21:25.190   Training iter 200, batch loss 0.1522, batch acc 0.9576
00:21:25.673   Training iter 300, batch loss 0.1508, batch acc 0.9582
00:21:26.172   Training iter 400, batch loss 0.1622, batch acc 0.9548
00:21:26.532   Training iter 500, batch loss 0.1532, batch acc 0.9575
00:21:26.921   Training iter 600, batch loss 0.1538, batch acc 0.9575
00:21:26.922 Testing @ 70 epoch...
00:21:27.064     Testing, total mean loss 0.15855, total acc 0.95490
00:21:27.064 Training @ 71 epoch...
00:21:27.559   Training iter 100, batch loss 0.1492, batch acc 0.9581
00:21:28.051   Training iter 200, batch loss 0.1461, batch acc 0.9608
00:21:28.831   Training iter 300, batch loss 0.1572, batch acc 0.9557
00:21:29.484   Training iter 400, batch loss 0.1522, batch acc 0.9586
00:21:29.954   Training iter 500, batch loss 0.1574, batch acc 0.9553
00:21:30.449   Training iter 600, batch loss 0.1544, batch acc 0.9586
00:21:30.451 Testing @ 71 epoch...
00:21:30.651     Testing, total mean loss 0.15789, total acc 0.95450
00:21:30.651 Training @ 72 epoch...
00:21:31.232   Training iter 100, batch loss 0.1488, batch acc 0.9574
00:21:31.744   Training iter 200, batch loss 0.1514, batch acc 0.9580
00:21:32.240   Training iter 300, batch loss 0.1482, batch acc 0.9599
00:21:32.758   Training iter 400, batch loss 0.1523, batch acc 0.9559
00:21:33.266   Training iter 500, batch loss 0.1556, batch acc 0.9564
00:21:33.786   Training iter 600, batch loss 0.1530, batch acc 0.9587
00:21:33.789 Testing @ 72 epoch...
00:21:34.024     Testing, total mean loss 0.15784, total acc 0.95490
00:21:34.025 Training @ 73 epoch...
00:21:34.628   Training iter 100, batch loss 0.1566, batch acc 0.9540
00:21:35.040   Training iter 200, batch loss 0.1474, batch acc 0.9573
00:21:35.461   Training iter 300, batch loss 0.1485, batch acc 0.9588
00:21:35.919   Training iter 400, batch loss 0.1485, batch acc 0.9606
00:21:36.421   Training iter 500, batch loss 0.1459, batch acc 0.9592
00:21:37.191   Training iter 600, batch loss 0.1542, batch acc 0.9591
00:21:37.194 Testing @ 73 epoch...
00:21:37.426     Testing, total mean loss 0.15604, total acc 0.95580
00:21:37.426 Training @ 74 epoch...
00:21:37.843   Training iter 100, batch loss 0.1458, batch acc 0.9599
00:21:38.231   Training iter 200, batch loss 0.1494, batch acc 0.9583
00:21:38.647   Training iter 300, batch loss 0.1547, batch acc 0.9564
00:21:39.099   Training iter 400, batch loss 0.1488, batch acc 0.9590
00:21:39.551   Training iter 500, batch loss 0.1417, batch acc 0.9604
00:21:40.066   Training iter 600, batch loss 0.1554, batch acc 0.9566
00:21:40.068 Testing @ 74 epoch...
00:21:40.256     Testing, total mean loss 0.15555, total acc 0.95540
00:21:40.256 Training @ 75 epoch...
00:21:40.675   Training iter 100, batch loss 0.1390, batch acc 0.9614
00:21:41.064   Training iter 200, batch loss 0.1459, batch acc 0.9606
00:21:41.435   Training iter 300, batch loss 0.1590, batch acc 0.9557
00:21:42.080   Training iter 400, batch loss 0.1512, batch acc 0.9557
00:21:42.685   Training iter 500, batch loss 0.1493, batch acc 0.9597
00:21:43.288   Training iter 600, batch loss 0.1443, batch acc 0.9607
00:21:43.290 Testing @ 75 epoch...
00:21:43.449     Testing, total mean loss 0.15445, total acc 0.95660
00:21:43.449 Training @ 76 epoch...
00:21:44.000   Training iter 100, batch loss 0.1526, batch acc 0.9560
00:21:44.502   Training iter 200, batch loss 0.1490, batch acc 0.9584
00:21:45.160   Training iter 300, batch loss 0.1464, batch acc 0.9604
00:21:45.861   Training iter 400, batch loss 0.1425, batch acc 0.9608
00:21:46.505   Training iter 500, batch loss 0.1499, batch acc 0.9592
00:21:47.131   Training iter 600, batch loss 0.1410, batch acc 0.9605
00:21:47.133 Testing @ 76 epoch...
00:21:47.292     Testing, total mean loss 0.15344, total acc 0.95670
00:21:47.292 Training @ 77 epoch...
00:21:48.010   Training iter 100, batch loss 0.1392, batch acc 0.9610
00:21:48.714   Training iter 200, batch loss 0.1370, batch acc 0.9615
00:21:49.423   Training iter 300, batch loss 0.1545, batch acc 0.9563
00:21:50.228   Training iter 400, batch loss 0.1477, batch acc 0.9614
00:21:50.859   Training iter 500, batch loss 0.1546, batch acc 0.9583
00:21:51.479   Training iter 600, batch loss 0.1435, batch acc 0.9593
00:21:51.482 Testing @ 77 epoch...
00:21:51.659     Testing, total mean loss 0.15281, total acc 0.95650
00:21:51.660 Training @ 78 epoch...
00:21:52.603   Training iter 100, batch loss 0.1343, batch acc 0.9635
00:21:53.253   Training iter 200, batch loss 0.1463, batch acc 0.9602
00:21:53.922   Training iter 300, batch loss 0.1494, batch acc 0.9582
00:21:54.549   Training iter 400, batch loss 0.1401, batch acc 0.9617
00:21:55.192   Training iter 500, batch loss 0.1472, batch acc 0.9607
00:21:55.635   Training iter 600, batch loss 0.1530, batch acc 0.9571
00:21:55.637 Testing @ 78 epoch...
00:21:55.814     Testing, total mean loss 0.15406, total acc 0.95680
00:21:55.814 Training @ 79 epoch...
00:21:56.510   Training iter 100, batch loss 0.1358, batch acc 0.9622
00:21:56.923   Training iter 200, batch loss 0.1434, batch acc 0.9599
00:21:57.274   Training iter 300, batch loss 0.1402, batch acc 0.9605
00:21:57.631   Training iter 400, batch loss 0.1537, batch acc 0.9576
00:21:57.983   Training iter 500, batch loss 0.1462, batch acc 0.9610
00:21:58.336   Training iter 600, batch loss 0.1437, batch acc 0.9609
00:21:58.339 Testing @ 79 epoch...
00:21:58.501     Testing, total mean loss 0.15170, total acc 0.95660
00:21:58.501 Training @ 80 epoch...
00:21:59.166   Training iter 100, batch loss 0.1430, batch acc 0.9596
00:21:59.802   Training iter 200, batch loss 0.1451, batch acc 0.9616
00:22:00.455   Training iter 300, batch loss 0.1402, batch acc 0.9634
00:22:00.913   Training iter 400, batch loss 0.1432, batch acc 0.9611
00:22:01.394   Training iter 500, batch loss 0.1443, batch acc 0.9592
00:22:01.883   Training iter 600, batch loss 0.1412, batch acc 0.9606
00:22:01.885 Testing @ 80 epoch...
00:22:02.068     Testing, total mean loss 0.15004, total acc 0.95830
00:22:02.069 Training @ 81 epoch...
00:22:02.723   Training iter 100, batch loss 0.1357, batch acc 0.9619
00:22:03.132   Training iter 200, batch loss 0.1390, batch acc 0.9620
00:22:03.559   Training iter 300, batch loss 0.1387, batch acc 0.9616
00:22:04.001   Training iter 400, batch loss 0.1400, batch acc 0.9616
00:22:04.543   Training iter 500, batch loss 0.1421, batch acc 0.9599
00:22:05.133   Training iter 600, batch loss 0.1561, batch acc 0.9568
00:22:05.135 Testing @ 81 epoch...
00:22:05.294     Testing, total mean loss 0.15019, total acc 0.95700
00:22:05.294 Training @ 82 epoch...
00:22:05.810   Training iter 100, batch loss 0.1435, batch acc 0.9612
00:22:06.330   Training iter 200, batch loss 0.1456, batch acc 0.9607
00:22:06.790   Training iter 300, batch loss 0.1327, batch acc 0.9643
00:22:07.284   Training iter 400, batch loss 0.1412, batch acc 0.9605
00:22:07.809   Training iter 500, batch loss 0.1367, batch acc 0.9646
00:22:08.284   Training iter 600, batch loss 0.1471, batch acc 0.9570
00:22:08.287 Testing @ 82 epoch...
00:22:08.441     Testing, total mean loss 0.14937, total acc 0.95690
00:22:08.441 Training @ 83 epoch...
00:22:08.972   Training iter 100, batch loss 0.1386, batch acc 0.9600
00:22:09.541   Training iter 200, batch loss 0.1365, batch acc 0.9626
00:22:10.078   Training iter 300, batch loss 0.1375, batch acc 0.9607
00:22:10.643   Training iter 400, batch loss 0.1448, batch acc 0.9601
00:22:11.184   Training iter 500, batch loss 0.1457, batch acc 0.9608
00:22:11.801   Training iter 600, batch loss 0.1377, batch acc 0.9634
00:22:11.804 Testing @ 83 epoch...
00:22:11.990     Testing, total mean loss 0.14711, total acc 0.95910
00:22:11.991 Training @ 84 epoch...
00:22:12.474   Training iter 100, batch loss 0.1332, batch acc 0.9632
00:22:13.007   Training iter 200, batch loss 0.1382, batch acc 0.9625
00:22:13.553   Training iter 300, batch loss 0.1425, batch acc 0.9609
00:22:14.048   Training iter 400, batch loss 0.1400, batch acc 0.9620
00:22:14.553   Training iter 500, batch loss 0.1382, batch acc 0.9612
00:22:15.125   Training iter 600, batch loss 0.1430, batch acc 0.9620
00:22:15.132 Testing @ 84 epoch...
00:22:15.342     Testing, total mean loss 0.14773, total acc 0.95830
00:22:15.342 Training @ 85 epoch...
00:22:15.954   Training iter 100, batch loss 0.1291, batch acc 0.9640
00:22:16.542   Training iter 200, batch loss 0.1443, batch acc 0.9600
00:22:17.103   Training iter 300, batch loss 0.1457, batch acc 0.9585
00:22:17.718   Training iter 400, batch loss 0.1406, batch acc 0.9616
00:22:18.348   Training iter 500, batch loss 0.1390, batch acc 0.9619
00:22:18.967   Training iter 600, batch loss 0.1315, batch acc 0.9650
00:22:18.969 Testing @ 85 epoch...
00:22:19.164     Testing, total mean loss 0.14829, total acc 0.95800
00:22:19.165 Training @ 86 epoch...
00:22:19.734   Training iter 100, batch loss 0.1341, batch acc 0.9648
00:22:20.236   Training iter 200, batch loss 0.1402, batch acc 0.9603
00:22:20.724   Training iter 300, batch loss 0.1341, batch acc 0.9629
00:22:21.219   Training iter 400, batch loss 0.1306, batch acc 0.9614
00:22:21.714   Training iter 500, batch loss 0.1441, batch acc 0.9601
00:22:22.203   Training iter 600, batch loss 0.1409, batch acc 0.9622
00:22:22.206 Testing @ 86 epoch...
00:22:22.370     Testing, total mean loss 0.14545, total acc 0.95920
00:22:22.370 Training @ 87 epoch...
00:22:22.924   Training iter 100, batch loss 0.1330, batch acc 0.9618
00:22:23.487   Training iter 200, batch loss 0.1328, batch acc 0.9646
00:22:24.006   Training iter 300, batch loss 0.1360, batch acc 0.9630
00:22:24.546   Training iter 400, batch loss 0.1461, batch acc 0.9587
00:22:25.139   Training iter 500, batch loss 0.1311, batch acc 0.9652
00:22:25.726   Training iter 600, batch loss 0.1394, batch acc 0.9612
00:22:25.729 Testing @ 87 epoch...
00:22:25.936     Testing, total mean loss 0.14715, total acc 0.95870
00:22:25.936 Training @ 88 epoch...
00:22:26.518   Training iter 100, batch loss 0.1304, batch acc 0.9635
00:22:27.075   Training iter 200, batch loss 0.1354, batch acc 0.9618
00:22:27.656   Training iter 300, batch loss 0.1465, batch acc 0.9591
00:22:28.245   Training iter 400, batch loss 0.1310, batch acc 0.9659
00:22:28.740   Training iter 500, batch loss 0.1346, batch acc 0.9626
00:22:29.271   Training iter 600, batch loss 0.1376, batch acc 0.9615
00:22:29.274 Testing @ 88 epoch...
00:22:29.453     Testing, total mean loss 0.14399, total acc 0.96000
00:22:29.454 Training @ 89 epoch...
00:22:29.964   Training iter 100, batch loss 0.1407, batch acc 0.9615
00:22:30.591   Training iter 200, batch loss 0.1292, batch acc 0.9663
00:22:31.179   Training iter 300, batch loss 0.1362, batch acc 0.9633
00:22:31.731   Training iter 400, batch loss 0.1362, batch acc 0.9637
00:22:32.274   Training iter 500, batch loss 0.1400, batch acc 0.9615
00:22:32.739   Training iter 600, batch loss 0.1267, batch acc 0.9644
00:22:32.741 Testing @ 89 epoch...
00:22:32.888     Testing, total mean loss 0.14298, total acc 0.96070
00:22:32.889 Training @ 90 epoch...
00:22:33.500   Training iter 100, batch loss 0.1348, batch acc 0.9643
00:22:33.971   Training iter 200, batch loss 0.1269, batch acc 0.9647
00:22:34.594   Training iter 300, batch loss 0.1302, batch acc 0.9635
00:22:35.433   Training iter 400, batch loss 0.1316, batch acc 0.9643
00:22:35.953   Training iter 500, batch loss 0.1369, batch acc 0.9643
00:22:36.496   Training iter 600, batch loss 0.1435, batch acc 0.9585
00:22:36.497 Testing @ 90 epoch...
00:22:36.654     Testing, total mean loss 0.14263, total acc 0.96060
00:22:36.654 Training @ 91 epoch...
00:22:37.128   Training iter 100, batch loss 0.1354, batch acc 0.9628
00:22:37.746   Training iter 200, batch loss 0.1309, batch acc 0.9658
00:22:38.453   Training iter 300, batch loss 0.1348, batch acc 0.9646
00:22:39.130   Training iter 400, batch loss 0.1369, batch acc 0.9628
00:22:39.788   Training iter 500, batch loss 0.1371, batch acc 0.9618
00:22:40.441   Training iter 600, batch loss 0.1251, batch acc 0.9635
00:22:40.444 Testing @ 91 epoch...
00:22:40.622     Testing, total mean loss 0.14235, total acc 0.96000
00:22:40.623 Training @ 92 epoch...
00:22:41.094   Training iter 100, batch loss 0.1249, batch acc 0.9654
00:22:41.583   Training iter 200, batch loss 0.1257, batch acc 0.9645
00:22:42.126   Training iter 300, batch loss 0.1371, batch acc 0.9598
00:22:42.666   Training iter 400, batch loss 0.1416, batch acc 0.9610
00:22:43.200   Training iter 500, batch loss 0.1322, batch acc 0.9656
00:22:43.764   Training iter 600, batch loss 0.1337, batch acc 0.9618
00:22:43.766 Testing @ 92 epoch...
00:22:43.952     Testing, total mean loss 0.14228, total acc 0.96040
00:22:43.952 Training @ 93 epoch...
00:22:44.379   Training iter 100, batch loss 0.1301, batch acc 0.9632
00:22:44.786   Training iter 200, batch loss 0.1356, batch acc 0.9632
00:22:45.279   Training iter 300, batch loss 0.1328, batch acc 0.9638
00:22:45.814   Training iter 400, batch loss 0.1326, batch acc 0.9642
00:22:46.327   Training iter 500, batch loss 0.1325, batch acc 0.9625
00:22:46.761   Training iter 600, batch loss 0.1267, batch acc 0.9648
00:22:46.764 Testing @ 93 epoch...
00:22:46.927     Testing, total mean loss 0.14007, total acc 0.96030
00:22:46.927 Training @ 94 epoch...
00:22:47.540   Training iter 100, batch loss 0.1271, batch acc 0.9668
00:22:48.164   Training iter 200, batch loss 0.1332, batch acc 0.9638
00:22:48.935   Training iter 300, batch loss 0.1266, batch acc 0.9651
00:22:49.491   Training iter 400, batch loss 0.1414, batch acc 0.9610
00:22:49.973   Training iter 500, batch loss 0.1233, batch acc 0.9653
00:22:50.494   Training iter 600, batch loss 0.1343, batch acc 0.9630
00:22:50.497 Testing @ 94 epoch...
00:22:50.662     Testing, total mean loss 0.14024, total acc 0.96060
00:22:50.663 Training @ 95 epoch...
00:22:51.131   Training iter 100, batch loss 0.1331, batch acc 0.9635
00:22:51.597   Training iter 200, batch loss 0.1344, batch acc 0.9642
00:22:52.087   Training iter 300, batch loss 0.1287, batch acc 0.9635
00:22:52.581   Training iter 400, batch loss 0.1310, batch acc 0.9646
00:22:53.094   Training iter 500, batch loss 0.1201, batch acc 0.9688
00:22:53.587   Training iter 600, batch loss 0.1340, batch acc 0.9603
00:22:53.589 Testing @ 95 epoch...
00:22:53.739     Testing, total mean loss 0.14005, total acc 0.96060
00:22:53.739 Training @ 96 epoch...
00:22:54.263   Training iter 100, batch loss 0.1316, batch acc 0.9647
00:22:54.755   Training iter 200, batch loss 0.1318, batch acc 0.9630
00:22:55.267   Training iter 300, batch loss 0.1326, batch acc 0.9618
00:22:55.751   Training iter 400, batch loss 0.1234, batch acc 0.9638
00:22:56.203   Training iter 500, batch loss 0.1297, batch acc 0.9648
00:22:56.644   Training iter 600, batch loss 0.1283, batch acc 0.9680
00:22:56.647 Testing @ 96 epoch...
00:22:56.785     Testing, total mean loss 0.13910, total acc 0.96130
00:22:56.785 Training @ 97 epoch...
00:22:57.161   Training iter 100, batch loss 0.1317, batch acc 0.9652
00:22:57.625   Training iter 200, batch loss 0.1322, batch acc 0.9652
00:22:58.101   Training iter 300, batch loss 0.1290, batch acc 0.9630
00:22:58.565   Training iter 400, batch loss 0.1286, batch acc 0.9648
00:22:59.012   Training iter 500, batch loss 0.1210, batch acc 0.9674
00:22:59.542   Training iter 600, batch loss 0.1302, batch acc 0.9623
00:22:59.545 Testing @ 97 epoch...
00:22:59.723     Testing, total mean loss 0.13903, total acc 0.96050
00:22:59.724 Training @ 98 epoch...
00:23:00.097   Training iter 100, batch loss 0.1281, batch acc 0.9639
00:23:00.458   Training iter 200, batch loss 0.1297, batch acc 0.9652
00:23:00.834   Training iter 300, batch loss 0.1251, batch acc 0.9645
00:23:01.197   Training iter 400, batch loss 0.1280, batch acc 0.9670
00:23:01.559   Training iter 500, batch loss 0.1286, batch acc 0.9645
00:23:01.962   Training iter 600, batch loss 0.1299, batch acc 0.9659
00:23:01.965 Testing @ 98 epoch...
00:23:02.084     Testing, total mean loss 0.13762, total acc 0.96180
00:23:02.084 Training @ 99 epoch...
00:23:02.529   Training iter 100, batch loss 0.1221, batch acc 0.9658
00:23:02.911   Training iter 200, batch loss 0.1275, batch acc 0.9657
00:23:03.300   Training iter 300, batch loss 0.1310, batch acc 0.9631
00:23:03.688   Training iter 400, batch loss 0.1293, batch acc 0.9641
00:23:04.077   Training iter 500, batch loss 0.1249, batch acc 0.9673
00:23:04.459   Training iter 600, batch loss 0.1292, batch acc 0.9649
00:23:04.461 Testing @ 99 epoch...
00:23:04.589     Testing, total mean loss 0.13741, total acc 0.96210
Traceback (most recent call last):
  File "/home/wanghaoran/ANN-24Autumn/HW1/codes/run_mlp.py", line 98, in <module>
    main()
  File "/home/wanghaoran/ANN-24Autumn/HW1/codes/run_mlp.py", line 93, in main
    wandb.log({'final_loss': loss.get_loss(), 'final_acc': loss.get_accuracy(), 'total_time': time.time() - start_time})
                             ^^^^^^^^^^^^^
AttributeError: 'KLDivLoss' object has no attribute 'get_loss'