00:16:40.488 Training @ 0 epoch...
00:16:41.025   Training iter 100, batch loss 41.5755, batch acc 0.1881
00:16:41.530   Training iter 200, batch loss 12.5183, batch acc 0.6671
00:16:42.005   Training iter 300, batch loss 6.3882, batch acc 0.7947
00:16:42.473   Training iter 400, batch loss 4.6436, batch acc 0.8394
00:16:42.935   Training iter 500, batch loss 4.1104, batch acc 0.8526
00:16:43.393   Training iter 600, batch loss 3.5599, batch acc 0.8756
00:16:43.396 Testing @ 0 epoch...
00:16:43.572     Testing, total mean loss 3.21138, total acc 0.88450
00:16:43.572 Training @ 1 epoch...
00:16:44.037   Training iter 100, batch loss 3.2982, batch acc 0.8804
00:16:44.500   Training iter 200, batch loss 2.7781, batch acc 0.9006
00:16:44.964   Training iter 300, batch loss 2.9037, batch acc 0.8897
00:16:45.492   Training iter 400, batch loss 2.8356, batch acc 0.8944
00:16:45.986   Training iter 500, batch loss 2.6980, batch acc 0.8978
00:16:46.463   Training iter 600, batch loss 2.5328, batch acc 0.9012
00:16:46.465 Testing @ 1 epoch...
00:16:46.637     Testing, total mean loss 2.42761, total acc 0.90370
00:16:46.638 Training @ 2 epoch...
00:16:47.113   Training iter 100, batch loss 2.5239, batch acc 0.9025
00:16:47.586   Training iter 200, batch loss 2.2170, batch acc 0.9152
00:16:48.051   Training iter 300, batch loss 2.2860, batch acc 0.9100
00:16:48.516   Training iter 400, batch loss 2.4225, batch acc 0.9047
00:16:48.980   Training iter 500, batch loss 2.1808, batch acc 0.9130
00:16:49.452   Training iter 600, batch loss 2.1658, batch acc 0.9140
00:16:49.455 Testing @ 2 epoch...
00:16:49.647     Testing, total mean loss 2.14207, total acc 0.91230
00:16:49.647 Training @ 3 epoch...
00:16:50.127   Training iter 100, batch loss 1.9605, batch acc 0.9194
00:16:50.604   Training iter 200, batch loss 2.1005, batch acc 0.9148
00:16:51.082   Training iter 300, batch loss 2.1259, batch acc 0.9164
00:16:51.592   Training iter 400, batch loss 2.1147, batch acc 0.9141
00:16:52.086   Training iter 500, batch loss 1.8832, batch acc 0.9198
00:16:52.581   Training iter 600, batch loss 2.0469, batch acc 0.9140
00:16:52.584 Testing @ 3 epoch...
00:16:52.767     Testing, total mean loss 1.88903, total acc 0.92400
00:16:52.767 Training @ 4 epoch...
00:16:53.274   Training iter 100, batch loss 1.9230, batch acc 0.9197
00:16:53.779   Training iter 200, batch loss 1.8261, batch acc 0.9239
00:16:54.289   Training iter 300, batch loss 1.7842, batch acc 0.9276
00:16:54.818   Training iter 400, batch loss 1.9644, batch acc 0.9182
00:16:55.333   Training iter 500, batch loss 1.8488, batch acc 0.9224
00:16:55.933   Training iter 600, batch loss 1.7731, batch acc 0.9234
00:16:55.936 Testing @ 4 epoch...
00:16:56.213     Testing, total mean loss 1.74200, total acc 0.92440
00:16:56.214 Training @ 5 epoch...
00:16:56.799   Training iter 100, batch loss 1.7379, batch acc 0.9291
00:16:57.436   Training iter 200, batch loss 1.7769, batch acc 0.9253
00:16:57.977   Training iter 300, batch loss 1.7461, batch acc 0.9262
00:16:58.627   Training iter 400, batch loss 1.6911, batch acc 0.9293
00:16:59.151   Training iter 500, batch loss 1.6689, batch acc 0.9305
00:16:59.642   Training iter 600, batch loss 1.6973, batch acc 0.9285
00:16:59.645 Testing @ 5 epoch...
00:16:59.842     Testing, total mean loss 1.62184, total acc 0.93070
00:16:59.844 Training @ 6 epoch...
00:17:00.360   Training iter 100, batch loss 1.6447, batch acc 0.9322
00:17:00.840   Training iter 200, batch loss 1.5820, batch acc 0.9328
00:17:01.375   Training iter 300, batch loss 1.6703, batch acc 0.9281
00:17:02.046   Training iter 400, batch loss 1.5545, batch acc 0.9341
00:17:02.566   Training iter 500, batch loss 1.5791, batch acc 0.9334
00:17:03.181   Training iter 600, batch loss 1.5166, batch acc 0.9326
00:17:03.184 Testing @ 6 epoch...
00:17:03.444     Testing, total mean loss 1.53847, total acc 0.93490
00:17:03.444 Training @ 7 epoch...
00:17:04.191   Training iter 100, batch loss 1.4413, batch acc 0.9357
00:17:04.769   Training iter 200, batch loss 1.5795, batch acc 0.9360
00:17:05.402   Training iter 300, batch loss 1.5107, batch acc 0.9347
00:17:05.977   Training iter 400, batch loss 1.4917, batch acc 0.9339
00:17:06.474   Training iter 500, batch loss 1.3671, batch acc 0.9407
00:17:06.921   Training iter 600, batch loss 1.5327, batch acc 0.9362
00:17:06.924 Testing @ 7 epoch...
00:17:07.070     Testing, total mean loss 1.43535, total acc 0.94010
00:17:07.070 Training @ 8 epoch...
00:17:07.508   Training iter 100, batch loss 1.4661, batch acc 0.9354
00:17:07.940   Training iter 200, batch loss 1.3953, batch acc 0.9419
00:17:08.384   Training iter 300, batch loss 1.3566, batch acc 0.9419
00:17:08.800   Training iter 400, batch loss 1.3876, batch acc 0.9371
00:17:09.193   Training iter 500, batch loss 1.3702, batch acc 0.9413
00:17:09.597   Training iter 600, batch loss 1.3853, batch acc 0.9411
00:17:09.599 Testing @ 8 epoch...
00:17:09.769     Testing, total mean loss 1.35568, total acc 0.94030
00:17:09.769 Training @ 9 epoch...
00:17:10.303   Training iter 100, batch loss 1.3583, batch acc 0.9402
00:17:10.725   Training iter 200, batch loss 1.3884, batch acc 0.9411
00:17:11.224   Training iter 300, batch loss 1.2907, batch acc 0.9428
00:17:11.650   Training iter 400, batch loss 1.3058, batch acc 0.9415
00:17:12.099   Training iter 500, batch loss 1.2876, batch acc 0.9435
00:17:12.591   Training iter 600, batch loss 1.2661, batch acc 0.9468
00:17:12.594 Testing @ 9 epoch...
00:17:12.754     Testing, total mean loss 1.29399, total acc 0.94410
00:17:12.754 Training @ 10 epoch...
00:17:13.245   Training iter 100, batch loss 1.3105, batch acc 0.9421
00:17:13.682   Training iter 200, batch loss 1.2125, batch acc 0.9443
00:17:14.119   Training iter 300, batch loss 1.2079, batch acc 0.9488
00:17:14.928   Training iter 400, batch loss 1.2379, batch acc 0.9454
00:17:15.895   Training iter 500, batch loss 1.2137, batch acc 0.9455
00:17:16.518   Training iter 600, batch loss 1.3170, batch acc 0.9444
00:17:16.520 Testing @ 10 epoch...
00:17:16.735     Testing, total mean loss 1.23494, total acc 0.94490
00:17:16.736 Training @ 11 epoch...
00:17:17.353   Training iter 100, batch loss 1.1616, batch acc 0.9498
00:17:18.147   Training iter 200, batch loss 1.2010, batch acc 0.9465
00:17:18.707   Training iter 300, batch loss 1.1842, batch acc 0.9470
00:17:19.183   Training iter 400, batch loss 1.2255, batch acc 0.9448
00:17:19.769   Training iter 500, batch loss 1.2090, batch acc 0.9495
00:17:20.387   Training iter 600, batch loss 1.1281, batch acc 0.9499
00:17:20.389 Testing @ 11 epoch...
00:17:20.565     Testing, total mean loss 1.15937, total acc 0.94790
00:17:20.567 Training @ 12 epoch...
00:17:21.347   Training iter 100, batch loss 1.1962, batch acc 0.9482
00:17:21.927   Training iter 200, batch loss 1.1365, batch acc 0.9498
00:17:22.471   Training iter 300, batch loss 1.1357, batch acc 0.9503
00:17:23.109   Training iter 400, batch loss 1.1048, batch acc 0.9510
00:17:23.806   Training iter 500, batch loss 1.1008, batch acc 0.9506
00:17:24.472   Training iter 600, batch loss 1.0928, batch acc 0.9504
00:17:24.474 Testing @ 12 epoch...
00:17:24.687     Testing, total mean loss 1.13560, total acc 0.95010
00:17:24.687 Training @ 13 epoch...
00:17:25.425   Training iter 100, batch loss 1.0843, batch acc 0.9508
00:17:26.061   Training iter 200, batch loss 1.0546, batch acc 0.9522
00:17:26.730   Training iter 300, batch loss 1.0785, batch acc 0.9541
00:17:27.240   Training iter 400, batch loss 1.0710, batch acc 0.9529
00:17:27.902   Training iter 500, batch loss 1.1010, batch acc 0.9513
00:17:28.538   Training iter 600, batch loss 1.0711, batch acc 0.9504
00:17:28.541 Testing @ 13 epoch...
00:17:28.712     Testing, total mean loss 1.10485, total acc 0.95210
00:17:28.713 Training @ 14 epoch...
00:17:29.294   Training iter 100, batch loss 1.0109, batch acc 0.9567
00:17:29.862   Training iter 200, batch loss 1.0223, batch acc 0.9535
00:17:30.672   Training iter 300, batch loss 1.1298, batch acc 0.9507
00:17:31.317   Training iter 400, batch loss 1.0301, batch acc 0.9560
00:17:31.869   Training iter 500, batch loss 1.0646, batch acc 0.9511
00:17:32.527   Training iter 600, batch loss 0.9092, batch acc 0.9582
00:17:32.529 Testing @ 14 epoch...
00:17:32.792     Testing, total mean loss 1.03648, total acc 0.95350
00:17:32.794 Training @ 15 epoch...
00:17:33.430   Training iter 100, batch loss 0.9732, batch acc 0.9540
00:17:33.940   Training iter 200, batch loss 1.0116, batch acc 0.9529
00:17:34.585   Training iter 300, batch loss 0.9157, batch acc 0.9578
00:17:35.121   Training iter 400, batch loss 1.0617, batch acc 0.9530
00:17:35.690   Training iter 500, batch loss 0.9304, batch acc 0.9591
00:17:36.307   Training iter 600, batch loss 1.0309, batch acc 0.9570
00:17:36.310 Testing @ 15 epoch...
00:17:36.485     Testing, total mean loss 1.01251, total acc 0.95710
00:17:36.486 Training @ 16 epoch...
00:17:37.104   Training iter 100, batch loss 0.9193, batch acc 0.9585
00:17:37.699   Training iter 200, batch loss 0.9670, batch acc 0.9568
00:17:38.327   Training iter 300, batch loss 1.0394, batch acc 0.9530
00:17:38.823   Training iter 400, batch loss 0.9011, batch acc 0.9599
00:17:39.316   Training iter 500, batch loss 0.9341, batch acc 0.9581
00:17:39.817   Training iter 600, batch loss 0.9120, batch acc 0.9572
00:17:39.819 Testing @ 16 epoch...
00:17:39.972     Testing, total mean loss 0.98877, total acc 0.95590
00:17:39.973 Training @ 17 epoch...
00:17:40.573   Training iter 100, batch loss 0.9017, batch acc 0.9577
00:17:41.200   Training iter 200, batch loss 0.9351, batch acc 0.9566
00:17:41.828   Training iter 300, batch loss 0.8703, batch acc 0.9595
00:17:42.330   Training iter 400, batch loss 0.8707, batch acc 0.9617
00:17:42.943   Training iter 500, batch loss 0.9524, batch acc 0.9592
00:17:43.661   Training iter 600, batch loss 0.9461, batch acc 0.9580
00:17:43.664 Testing @ 17 epoch...
00:17:43.829     Testing, total mean loss 0.96338, total acc 0.95850
00:17:43.830 Training @ 18 epoch...
00:17:44.671   Training iter 100, batch loss 0.8592, batch acc 0.9598
00:17:45.529   Training iter 200, batch loss 0.8582, batch acc 0.9616
00:17:46.104   Training iter 300, batch loss 0.8441, batch acc 0.9595
00:17:46.943   Training iter 400, batch loss 0.9364, batch acc 0.9597
00:17:47.817   Training iter 500, batch loss 0.9399, batch acc 0.9597
00:17:48.396   Training iter 600, batch loss 0.8325, batch acc 0.9630
00:17:48.399 Testing @ 18 epoch...
00:17:48.580     Testing, total mean loss 0.91719, total acc 0.96050
00:17:48.582 Training @ 19 epoch...
00:17:49.195   Training iter 100, batch loss 0.8266, batch acc 0.9639
00:17:49.791   Training iter 200, batch loss 0.8910, batch acc 0.9600
00:17:50.280   Training iter 300, batch loss 0.8117, batch acc 0.9618
00:17:50.797   Training iter 400, batch loss 0.8225, batch acc 0.9638
00:17:51.308   Training iter 500, batch loss 0.8883, batch acc 0.9619
00:17:51.900   Training iter 600, batch loss 0.8584, batch acc 0.9598
00:17:51.905 Testing @ 19 epoch...
00:17:52.104     Testing, total mean loss 0.91422, total acc 0.96010
00:17:52.105 Training @ 20 epoch...
00:17:52.665   Training iter 100, batch loss 0.8345, batch acc 0.9629
00:17:53.314   Training iter 200, batch loss 0.7478, batch acc 0.9665
00:17:53.857   Training iter 300, batch loss 0.8647, batch acc 0.9615
00:17:54.345   Training iter 400, batch loss 0.8137, batch acc 0.9627
00:17:54.782   Training iter 500, batch loss 0.8402, batch acc 0.9636
00:17:55.300   Training iter 600, batch loss 0.8047, batch acc 0.9635
00:17:55.302 Testing @ 20 epoch...
00:17:55.497     Testing, total mean loss 0.87793, total acc 0.96100
00:17:55.498 Training @ 21 epoch...
00:17:56.205   Training iter 100, batch loss 0.8224, batch acc 0.9619
00:17:56.865   Training iter 200, batch loss 0.8339, batch acc 0.9626
00:17:57.600   Training iter 300, batch loss 0.7553, batch acc 0.9669
00:17:58.207   Training iter 400, batch loss 0.7339, batch acc 0.9680
00:17:58.696   Training iter 500, batch loss 0.7855, batch acc 0.9639
00:17:59.154   Training iter 600, batch loss 0.8436, batch acc 0.9616
00:17:59.156 Testing @ 21 epoch...
00:17:59.317     Testing, total mean loss 0.88035, total acc 0.96190
00:17:59.317 Training @ 22 epoch...
00:17:59.970   Training iter 100, batch loss 0.7803, batch acc 0.9653
00:18:00.731   Training iter 200, batch loss 0.8314, batch acc 0.9618
00:18:01.378   Training iter 300, batch loss 0.7233, batch acc 0.9678
00:18:02.031   Training iter 400, batch loss 0.7245, batch acc 0.9662
00:18:02.487   Training iter 500, batch loss 0.8092, batch acc 0.9673
00:18:03.071   Training iter 600, batch loss 0.7409, batch acc 0.9638
00:18:03.074 Testing @ 22 epoch...
00:18:03.238     Testing, total mean loss 0.84660, total acc 0.96350
00:18:03.239 Training @ 23 epoch...
00:18:03.932   Training iter 100, batch loss 0.7673, batch acc 0.9663
00:18:04.611   Training iter 200, batch loss 0.7430, batch acc 0.9650
00:18:05.305   Training iter 300, batch loss 0.7544, batch acc 0.9670
00:18:05.927   Training iter 400, batch loss 0.7204, batch acc 0.9664
00:18:06.519   Training iter 500, batch loss 0.7788, batch acc 0.9646
00:18:07.048   Training iter 600, batch loss 0.7148, batch acc 0.9692
00:18:07.050 Testing @ 23 epoch...
00:18:07.255     Testing, total mean loss 0.84671, total acc 0.96280
00:18:07.256 Training @ 24 epoch...
00:18:07.912   Training iter 100, batch loss 0.7368, batch acc 0.9675
00:18:08.566   Training iter 200, batch loss 0.6548, batch acc 0.9724
00:18:09.360   Training iter 300, batch loss 0.7397, batch acc 0.9646
00:18:10.062   Training iter 400, batch loss 0.7433, batch acc 0.9665
00:18:10.664   Training iter 500, batch loss 0.7468, batch acc 0.9671
00:18:11.261   Training iter 600, batch loss 0.7154, batch acc 0.9666
00:18:11.265 Testing @ 24 epoch...
00:18:11.443     Testing, total mean loss 0.82249, total acc 0.96190
00:18:11.444 Training @ 25 epoch...
00:18:12.125   Training iter 100, batch loss 0.6554, batch acc 0.9690
00:18:12.838   Training iter 200, batch loss 0.7810, batch acc 0.9666
00:18:13.297   Training iter 300, batch loss 0.6514, batch acc 0.9691
00:18:13.783   Training iter 400, batch loss 0.6912, batch acc 0.9675
00:18:14.240   Training iter 500, batch loss 0.7052, batch acc 0.9695
00:18:14.839   Training iter 600, batch loss 0.7186, batch acc 0.9683
00:18:14.841 Testing @ 25 epoch...
00:18:15.038     Testing, total mean loss 0.80650, total acc 0.96460
00:18:15.039 Training @ 26 epoch...
00:18:15.762   Training iter 100, batch loss 0.7106, batch acc 0.9675
00:18:16.443   Training iter 200, batch loss 0.6820, batch acc 0.9699
00:18:17.098   Training iter 300, batch loss 0.6486, batch acc 0.9697
00:18:17.699   Training iter 400, batch loss 0.7106, batch acc 0.9688
00:18:18.414   Training iter 500, batch loss 0.7005, batch acc 0.9682
00:18:19.119   Training iter 600, batch loss 0.6560, batch acc 0.9704
00:18:19.121 Testing @ 26 epoch...
00:18:19.320     Testing, total mean loss 0.79064, total acc 0.96600
00:18:19.321 Training @ 27 epoch...
00:18:20.193   Training iter 100, batch loss 0.6460, batch acc 0.9715
00:18:21.056   Training iter 200, batch loss 0.6459, batch acc 0.9699
00:18:22.012   Training iter 300, batch loss 0.6625, batch acc 0.9682
00:18:22.661   Training iter 400, batch loss 0.6873, batch acc 0.9681
00:18:23.167   Training iter 500, batch loss 0.6645, batch acc 0.9687
00:18:23.720   Training iter 600, batch loss 0.6914, batch acc 0.9684
00:18:23.723 Testing @ 27 epoch...
00:18:23.924     Testing, total mean loss 0.77852, total acc 0.96620
00:18:23.924 Training @ 28 epoch...
00:18:24.638   Training iter 100, batch loss 0.6682, batch acc 0.9698
00:18:25.336   Training iter 200, batch loss 0.6233, batch acc 0.9718
00:18:25.946   Training iter 300, batch loss 0.6803, batch acc 0.9711
00:18:26.572   Training iter 400, batch loss 0.6372, batch acc 0.9710
00:18:27.166   Training iter 500, batch loss 0.6809, batch acc 0.9670
00:18:27.710   Training iter 600, batch loss 0.6032, batch acc 0.9724
00:18:27.712 Testing @ 28 epoch...
00:18:27.933     Testing, total mean loss 0.76801, total acc 0.96640
00:18:27.934 Training @ 29 epoch...
00:18:28.803   Training iter 100, batch loss 0.6201, batch acc 0.9728
00:18:29.688   Training iter 200, batch loss 0.6447, batch acc 0.9695
00:18:30.496   Training iter 300, batch loss 0.6718, batch acc 0.9685
00:18:31.390   Training iter 400, batch loss 0.5922, batch acc 0.9744
00:18:32.259   Training iter 500, batch loss 0.6162, batch acc 0.9720
00:18:33.111   Training iter 600, batch loss 0.6505, batch acc 0.9696
00:18:33.115 Testing @ 29 epoch...
00:18:33.416     Testing, total mean loss 0.73100, total acc 0.96660
00:18:33.418 Training @ 30 epoch...
00:18:34.253   Training iter 100, batch loss 0.7079, batch acc 0.9681
00:18:35.039   Training iter 200, batch loss 0.6139, batch acc 0.9717
00:18:35.828   Training iter 300, batch loss 0.5889, batch acc 0.9737
00:18:36.610   Training iter 400, batch loss 0.6067, batch acc 0.9717
00:18:37.368   Training iter 500, batch loss 0.5829, batch acc 0.9743
00:18:38.036   Training iter 600, batch loss 0.5856, batch acc 0.9734
00:18:38.040 Testing @ 30 epoch...
00:18:38.234     Testing, total mean loss 0.73761, total acc 0.96780
00:18:38.234 Training @ 31 epoch...
00:18:39.067   Training iter 100, batch loss 0.6010, batch acc 0.9727
00:18:39.859   Training iter 200, batch loss 0.5906, batch acc 0.9730
00:18:40.619   Training iter 300, batch loss 0.6431, batch acc 0.9708
00:18:41.285   Training iter 400, batch loss 0.5771, batch acc 0.9737
00:18:41.845   Training iter 500, batch loss 0.6033, batch acc 0.9738
00:18:42.406   Training iter 600, batch loss 0.6016, batch acc 0.9728
00:18:42.408 Testing @ 31 epoch...
00:18:42.589     Testing, total mean loss 0.72077, total acc 0.96710
00:18:42.591 Training @ 32 epoch...
00:18:43.298   Training iter 100, batch loss 0.6090, batch acc 0.9722
00:18:43.868   Training iter 200, batch loss 0.5827, batch acc 0.9738
00:18:44.545   Training iter 300, batch loss 0.5464, batch acc 0.9747
00:18:45.378   Training iter 400, batch loss 0.6063, batch acc 0.9724
00:18:46.188   Training iter 500, batch loss 0.5988, batch acc 0.9717
00:18:47.009   Training iter 600, batch loss 0.5855, batch acc 0.9726
00:18:47.012 Testing @ 32 epoch...
00:18:47.282     Testing, total mean loss 0.71384, total acc 0.96890
00:18:47.283 Training @ 33 epoch...
00:18:48.053   Training iter 100, batch loss 0.5219, batch acc 0.9754
00:18:48.823   Training iter 200, batch loss 0.5803, batch acc 0.9721
00:18:49.663   Training iter 300, batch loss 0.5828, batch acc 0.9746
00:18:50.612   Training iter 400, batch loss 0.5841, batch acc 0.9738
00:18:51.213   Training iter 500, batch loss 0.6299, batch acc 0.9701
00:18:51.965   Training iter 600, batch loss 0.5633, batch acc 0.9744
00:18:51.967 Testing @ 33 epoch...
00:18:52.235     Testing, total mean loss 0.69677, total acc 0.96940
00:18:52.235 Training @ 34 epoch...
00:18:53.341   Training iter 100, batch loss 0.5431, batch acc 0.9751
00:18:54.445   Training iter 200, batch loss 0.5506, batch acc 0.9739
00:18:55.485   Training iter 300, batch loss 0.5807, batch acc 0.9733
00:18:56.458   Training iter 400, batch loss 0.5330, batch acc 0.9751
00:18:57.340   Training iter 500, batch loss 0.6076, batch acc 0.9726
00:18:58.068   Training iter 600, batch loss 0.5570, batch acc 0.9738
00:18:58.071 Testing @ 34 epoch...
00:18:58.421     Testing, total mean loss 0.70664, total acc 0.96860
00:18:58.422 Training @ 35 epoch...
00:18:59.402   Training iter 100, batch loss 0.5484, batch acc 0.9741
00:19:00.166   Training iter 200, batch loss 0.5252, batch acc 0.9748
00:19:01.117   Training iter 300, batch loss 0.5145, batch acc 0.9756
00:19:01.842   Training iter 400, batch loss 0.5698, batch acc 0.9752
00:19:02.460   Training iter 500, batch loss 0.5563, batch acc 0.9740
00:19:03.061   Training iter 600, batch loss 0.5721, batch acc 0.9743
00:19:03.064 Testing @ 35 epoch...
00:19:03.270     Testing, total mean loss 0.71549, total acc 0.96840
00:19:03.271 Training @ 36 epoch...
00:19:03.951   Training iter 100, batch loss 0.5578, batch acc 0.9743
00:19:04.602   Training iter 200, batch loss 0.5619, batch acc 0.9757
00:19:05.155   Training iter 300, batch loss 0.5091, batch acc 0.9756
00:19:05.837   Training iter 400, batch loss 0.5722, batch acc 0.9726
00:19:06.495   Training iter 500, batch loss 0.5250, batch acc 0.9758
00:19:07.380   Training iter 600, batch loss 0.5040, batch acc 0.9774
00:19:07.384 Testing @ 36 epoch...
00:19:07.604     Testing, total mean loss 0.68563, total acc 0.96910
00:19:07.605 Training @ 37 epoch...
00:19:08.279   Training iter 100, batch loss 0.5065, batch acc 0.9772
00:19:08.792   Training iter 200, batch loss 0.5325, batch acc 0.9749
00:19:09.399   Training iter 300, batch loss 0.5348, batch acc 0.9762
00:19:10.037   Training iter 400, batch loss 0.5301, batch acc 0.9762
00:19:10.767   Training iter 500, batch loss 0.5165, batch acc 0.9739
00:19:11.653   Training iter 600, batch loss 0.5291, batch acc 0.9759
00:19:11.655 Testing @ 37 epoch...
00:19:11.930     Testing, total mean loss 0.68612, total acc 0.96920
00:19:11.933 Training @ 38 epoch...
00:19:12.731   Training iter 100, batch loss 0.4685, batch acc 0.9776
00:19:13.453   Training iter 200, batch loss 0.5072, batch acc 0.9776
00:19:14.170   Training iter 300, batch loss 0.4934, batch acc 0.9763
00:19:14.818   Training iter 400, batch loss 0.5566, batch acc 0.9753
00:19:15.395   Training iter 500, batch loss 0.5387, batch acc 0.9753
00:19:15.985   Training iter 600, batch loss 0.5334, batch acc 0.9737
00:19:15.988 Testing @ 38 epoch...
00:19:16.165     Testing, total mean loss 0.66534, total acc 0.96990
00:19:16.167 Training @ 39 epoch...
00:19:16.774   Training iter 100, batch loss 0.5055, batch acc 0.9763
00:19:17.405   Training iter 200, batch loss 0.4914, batch acc 0.9772
00:19:18.140   Training iter 300, batch loss 0.5095, batch acc 0.9756
00:19:18.882   Training iter 400, batch loss 0.5057, batch acc 0.9775
00:19:19.627   Training iter 500, batch loss 0.4925, batch acc 0.9772
00:19:20.376   Training iter 600, batch loss 0.5332, batch acc 0.9749
00:19:20.379 Testing @ 39 epoch...
00:19:20.673     Testing, total mean loss 0.64948, total acc 0.97050
00:19:20.674 Training @ 40 epoch...
00:19:21.451   Training iter 100, batch loss 0.5149, batch acc 0.9763
00:19:22.251   Training iter 200, batch loss 0.4741, batch acc 0.9771
00:19:23.024   Training iter 300, batch loss 0.4985, batch acc 0.9756
00:19:23.755   Training iter 400, batch loss 0.5065, batch acc 0.9765
00:19:24.499   Training iter 500, batch loss 0.4868, batch acc 0.9773
00:19:25.239   Training iter 600, batch loss 0.4837, batch acc 0.9801
00:19:25.242 Testing @ 40 epoch...
00:19:25.446     Testing, total mean loss 0.64949, total acc 0.97100
00:19:25.447 Training @ 41 epoch...
00:19:26.335   Training iter 100, batch loss 0.4628, batch acc 0.9785
00:19:27.117   Training iter 200, batch loss 0.4795, batch acc 0.9768
00:19:27.929   Training iter 300, batch loss 0.4989, batch acc 0.9783
00:19:28.789   Training iter 400, batch loss 0.4781, batch acc 0.9774
00:19:29.474   Training iter 500, batch loss 0.5255, batch acc 0.9765
00:19:30.129   Training iter 600, batch loss 0.4631, batch acc 0.9784
00:19:30.132 Testing @ 41 epoch...
00:19:30.393     Testing, total mean loss 0.64525, total acc 0.97180
00:19:30.394 Training @ 42 epoch...
00:19:30.897   Training iter 100, batch loss 0.4875, batch acc 0.9786
00:19:31.451   Training iter 200, batch loss 0.4855, batch acc 0.9770
00:19:31.969   Training iter 300, batch loss 0.4815, batch acc 0.9793
00:19:32.521   Training iter 400, batch loss 0.4503, batch acc 0.9787
00:19:33.075   Training iter 500, batch loss 0.4906, batch acc 0.9768
00:19:33.543   Training iter 600, batch loss 0.4706, batch acc 0.9785
00:19:33.546 Testing @ 42 epoch...
00:19:33.722     Testing, total mean loss 0.64104, total acc 0.97030
00:19:33.722 Training @ 43 epoch...
00:19:34.216   Training iter 100, batch loss 0.4753, batch acc 0.9772
00:19:34.780   Training iter 200, batch loss 0.4613, batch acc 0.9788
00:19:35.425   Training iter 300, batch loss 0.4525, batch acc 0.9799
00:19:35.976   Training iter 400, batch loss 0.4943, batch acc 0.9771
00:19:36.500   Training iter 500, batch loss 0.4511, batch acc 0.9787
00:19:37.133   Training iter 600, batch loss 0.4644, batch acc 0.9783
00:19:37.137 Testing @ 43 epoch...
00:19:37.345     Testing, total mean loss 0.63292, total acc 0.97240
00:19:37.346 Training @ 44 epoch...
00:19:37.878   Training iter 100, batch loss 0.4626, batch acc 0.9795
00:19:38.470   Training iter 200, batch loss 0.4517, batch acc 0.9773
00:19:38.959   Training iter 300, batch loss 0.4468, batch acc 0.9817
00:19:39.492   Training iter 400, batch loss 0.4755, batch acc 0.9771
00:19:40.040   Training iter 500, batch loss 0.4762, batch acc 0.9778
00:19:40.533   Training iter 600, batch loss 0.4379, batch acc 0.9786
00:19:40.536 Testing @ 44 epoch...
00:19:40.708     Testing, total mean loss 0.62730, total acc 0.97220
00:19:40.709 Training @ 45 epoch...
00:19:41.256   Training iter 100, batch loss 0.4356, batch acc 0.9810
00:19:42.062   Training iter 200, batch loss 0.4662, batch acc 0.9801
00:19:42.859   Training iter 300, batch loss 0.4382, batch acc 0.9794
00:19:43.375   Training iter 400, batch loss 0.4786, batch acc 0.9780
00:19:43.857   Training iter 500, batch loss 0.4392, batch acc 0.9782
00:19:44.360   Training iter 600, batch loss 0.4660, batch acc 0.9779
00:19:44.363 Testing @ 45 epoch...
00:19:44.543     Testing, total mean loss 0.61174, total acc 0.97170
00:19:44.544 Training @ 46 epoch...
00:19:45.078   Training iter 100, batch loss 0.4201, batch acc 0.9809
00:19:45.748   Training iter 200, batch loss 0.4556, batch acc 0.9781
00:19:46.664   Training iter 300, batch loss 0.4667, batch acc 0.9799
00:19:47.312   Training iter 400, batch loss 0.4496, batch acc 0.9791
00:19:48.010   Training iter 500, batch loss 0.4240, batch acc 0.9797
00:19:48.635   Training iter 600, batch loss 0.4496, batch acc 0.9790
00:19:48.638 Testing @ 46 epoch...
00:19:48.825     Testing, total mean loss 0.62277, total acc 0.97150
00:19:48.826 Training @ 47 epoch...
00:19:49.645   Training iter 100, batch loss 0.4150, batch acc 0.9821
00:19:50.388   Training iter 200, batch loss 0.4516, batch acc 0.9786
00:19:51.153   Training iter 300, batch loss 0.4071, batch acc 0.9816
00:19:51.935   Training iter 400, batch loss 0.4446, batch acc 0.9798
00:19:52.699   Training iter 500, batch loss 0.4540, batch acc 0.9787
00:19:53.463   Training iter 600, batch loss 0.4483, batch acc 0.9778
00:19:53.466 Testing @ 47 epoch...
00:19:53.761     Testing, total mean loss 0.61971, total acc 0.97190
00:19:53.764 Training @ 48 epoch...
00:19:54.576   Training iter 100, batch loss 0.4329, batch acc 0.9795
00:19:55.298   Training iter 200, batch loss 0.4247, batch acc 0.9809
00:19:56.093   Training iter 300, batch loss 0.4183, batch acc 0.9809
00:19:56.888   Training iter 400, batch loss 0.4053, batch acc 0.9807
00:19:57.660   Training iter 500, batch loss 0.4695, batch acc 0.9776
00:19:58.465   Training iter 600, batch loss 0.4379, batch acc 0.9814
00:19:58.469 Testing @ 48 epoch...
00:19:58.685     Testing, total mean loss 0.61248, total acc 0.97320
00:19:58.688 Training @ 49 epoch...
00:19:59.336   Training iter 100, batch loss 0.4290, batch acc 0.9794
00:19:59.953   Training iter 200, batch loss 0.4262, batch acc 0.9806
00:20:00.712   Training iter 300, batch loss 0.3906, batch acc 0.9819
00:20:01.570   Training iter 400, batch loss 0.4287, batch acc 0.9805
00:20:02.392   Training iter 500, batch loss 0.4575, batch acc 0.9771
00:20:03.078   Training iter 600, batch loss 0.4052, batch acc 0.9817
00:20:03.082 Testing @ 49 epoch...
00:20:03.275     Testing, total mean loss 0.61819, total acc 0.97260
00:20:03.278 Training @ 50 epoch...
00:20:04.293   Training iter 100, batch loss 0.3641, batch acc 0.9827
00:20:05.217   Training iter 200, batch loss 0.4020, batch acc 0.9815
00:20:05.929   Training iter 300, batch loss 0.4244, batch acc 0.9808
00:20:06.832   Training iter 400, batch loss 0.4573, batch acc 0.9791
00:20:07.824   Training iter 500, batch loss 0.4098, batch acc 0.9810
00:20:08.814   Training iter 600, batch loss 0.4419, batch acc 0.9805
00:20:08.816 Testing @ 50 epoch...
00:20:09.280     Testing, total mean loss 0.60635, total acc 0.97320
00:20:09.281 Training @ 51 epoch...
00:20:09.998   Training iter 100, batch loss 0.4201, batch acc 0.9799
00:20:10.604   Training iter 200, batch loss 0.4081, batch acc 0.9822
00:20:11.100   Training iter 300, batch loss 0.3959, batch acc 0.9817
00:20:11.601   Training iter 400, batch loss 0.4027, batch acc 0.9817
00:20:12.177   Training iter 500, batch loss 0.4053, batch acc 0.9809
00:20:12.940   Training iter 600, batch loss 0.4334, batch acc 0.9803
00:20:12.943 Testing @ 51 epoch...
00:20:13.156     Testing, total mean loss 0.59391, total acc 0.97380
00:20:13.157 Training @ 52 epoch...
00:20:13.737   Training iter 100, batch loss 0.4060, batch acc 0.9821
00:20:14.361   Training iter 200, batch loss 0.3848, batch acc 0.9802
00:20:15.025   Training iter 300, batch loss 0.3993, batch acc 0.9812
00:20:15.732   Training iter 400, batch loss 0.3740, batch acc 0.9839
00:20:16.313   Training iter 500, batch loss 0.4304, batch acc 0.9793
00:20:16.973   Training iter 600, batch loss 0.4291, batch acc 0.9810
00:20:16.978 Testing @ 52 epoch...
00:20:17.164     Testing, total mean loss 0.58995, total acc 0.97270
00:20:17.164 Training @ 53 epoch...
00:20:17.804   Training iter 100, batch loss 0.3610, batch acc 0.9835
00:20:18.453   Training iter 200, batch loss 0.4143, batch acc 0.9814
00:20:19.111   Training iter 300, batch loss 0.4063, batch acc 0.9803
00:20:19.752   Training iter 400, batch loss 0.3626, batch acc 0.9833
00:20:20.459   Training iter 500, batch loss 0.4221, batch acc 0.9810
00:20:21.104   Training iter 600, batch loss 0.4184, batch acc 0.9827
00:20:21.107 Testing @ 53 epoch...
00:20:21.313     Testing, total mean loss 0.59730, total acc 0.97360
00:20:21.313 Training @ 54 epoch...
00:20:22.148   Training iter 100, batch loss 0.3744, batch acc 0.9828
00:20:22.870   Training iter 200, batch loss 0.3809, batch acc 0.9825
00:20:23.631   Training iter 300, batch loss 0.3949, batch acc 0.9819
00:20:24.373   Training iter 400, batch loss 0.4167, batch acc 0.9818
00:20:25.135   Training iter 500, batch loss 0.3698, batch acc 0.9831
00:20:25.883   Training iter 600, batch loss 0.4075, batch acc 0.9815
00:20:25.885 Testing @ 54 epoch...
00:20:26.101     Testing, total mean loss 0.59882, total acc 0.97380
00:20:26.102 Training @ 55 epoch...
00:20:26.957   Training iter 100, batch loss 0.3785, batch acc 0.9835
00:20:27.698   Training iter 200, batch loss 0.3851, batch acc 0.9816
00:20:28.423   Training iter 300, batch loss 0.3755, batch acc 0.9817
00:20:28.911   Training iter 400, batch loss 0.3819, batch acc 0.9821
00:20:29.376   Training iter 500, batch loss 0.3693, batch acc 0.9831
00:20:29.833   Training iter 600, batch loss 0.4154, batch acc 0.9817
00:20:29.836 Testing @ 55 epoch...
00:20:30.013     Testing, total mean loss 0.60544, total acc 0.97400
00:20:30.013 Training @ 56 epoch...
00:20:30.660   Training iter 100, batch loss 0.3983, batch acc 0.9820
00:20:31.345   Training iter 200, batch loss 0.3753, batch acc 0.9841
00:20:31.887   Training iter 300, batch loss 0.3852, batch acc 0.9835
00:20:32.343   Training iter 400, batch loss 0.3531, batch acc 0.9834
00:20:33.001   Training iter 500, batch loss 0.3837, batch acc 0.9813
00:20:33.673   Training iter 600, batch loss 0.3867, batch acc 0.9811
00:20:33.676 Testing @ 56 epoch...
00:20:33.916     Testing, total mean loss 0.57823, total acc 0.97400
00:20:33.917 Training @ 57 epoch...
00:20:34.632   Training iter 100, batch loss 0.3755, batch acc 0.9840
00:20:35.429   Training iter 200, batch loss 0.3583, batch acc 0.9846
00:20:36.244   Training iter 300, batch loss 0.3863, batch acc 0.9825
00:20:37.065   Training iter 400, batch loss 0.3833, batch acc 0.9828
00:20:37.861   Training iter 500, batch loss 0.3742, batch acc 0.9823
00:20:38.630   Training iter 600, batch loss 0.3737, batch acc 0.9819
00:20:38.633 Testing @ 57 epoch...
00:20:38.913     Testing, total mean loss 0.57560, total acc 0.97430
00:20:38.913 Training @ 58 epoch...
00:20:39.802   Training iter 100, batch loss 0.3776, batch acc 0.9819
00:20:40.380   Training iter 200, batch loss 0.3736, batch acc 0.9829
00:20:41.390   Training iter 300, batch loss 0.3350, batch acc 0.9852
00:20:42.567   Training iter 400, batch loss 0.3589, batch acc 0.9843
00:20:43.346   Training iter 500, batch loss 0.3838, batch acc 0.9824
00:20:44.010   Training iter 600, batch loss 0.3999, batch acc 0.9834
00:20:44.013 Testing @ 58 epoch...
00:20:44.185     Testing, total mean loss 0.58380, total acc 0.97390
00:20:44.186 Training @ 59 epoch...
00:20:44.757   Training iter 100, batch loss 0.3686, batch acc 0.9826
00:20:45.437   Training iter 200, batch loss 0.3778, batch acc 0.9824
00:20:46.265   Training iter 300, batch loss 0.3728, batch acc 0.9831
00:20:47.003   Training iter 400, batch loss 0.3404, batch acc 0.9845
00:20:47.565   Training iter 500, batch loss 0.3583, batch acc 0.9843
00:20:48.153   Training iter 600, batch loss 0.3704, batch acc 0.9842
00:20:48.157 Testing @ 59 epoch...
00:20:48.394     Testing, total mean loss 0.58149, total acc 0.97440
00:20:48.395 Training @ 60 epoch...
00:20:49.203   Training iter 100, batch loss 0.3417, batch acc 0.9838
00:20:49.889   Training iter 200, batch loss 0.3246, batch acc 0.9860
00:20:50.535   Training iter 300, batch loss 0.3784, batch acc 0.9832
00:20:51.191   Training iter 400, batch loss 0.3389, batch acc 0.9850
00:20:51.838   Training iter 500, batch loss 0.4140, batch acc 0.9817
00:20:52.438   Training iter 600, batch loss 0.3699, batch acc 0.9818
00:20:52.441 Testing @ 60 epoch...
00:20:52.620     Testing, total mean loss 0.58064, total acc 0.97410
00:20:52.622 Training @ 61 epoch...
00:20:53.402   Training iter 100, batch loss 0.3410, batch acc 0.9835
00:20:54.001   Training iter 200, batch loss 0.3687, batch acc 0.9823
00:20:54.814   Training iter 300, batch loss 0.3517, batch acc 0.9855
00:20:55.622   Training iter 400, batch loss 0.3514, batch acc 0.9835
00:20:56.408   Training iter 500, batch loss 0.3590, batch acc 0.9842
00:20:57.118   Training iter 600, batch loss 0.3539, batch acc 0.9850
00:20:57.120 Testing @ 61 epoch...
00:20:57.305     Testing, total mean loss 0.57487, total acc 0.97420
00:20:57.306 Training @ 62 epoch...
00:20:58.091   Training iter 100, batch loss 0.3341, batch acc 0.9841
00:20:58.849   Training iter 200, batch loss 0.3467, batch acc 0.9835
00:20:59.630   Training iter 300, batch loss 0.3669, batch acc 0.9823
00:21:00.530   Training iter 400, batch loss 0.3545, batch acc 0.9843
00:21:01.283   Training iter 500, batch loss 0.3364, batch acc 0.9848
00:21:02.017   Training iter 600, batch loss 0.3651, batch acc 0.9833
00:21:02.021 Testing @ 62 epoch...
00:21:02.231     Testing, total mean loss 0.56917, total acc 0.97530
00:21:02.232 Training @ 63 epoch...
00:21:03.240   Training iter 100, batch loss 0.3499, batch acc 0.9836
00:21:04.056   Training iter 200, batch loss 0.3379, batch acc 0.9849
00:21:04.821   Training iter 300, batch loss 0.3565, batch acc 0.9854
00:21:05.715   Training iter 400, batch loss 0.3273, batch acc 0.9854
00:21:06.466   Training iter 500, batch loss 0.3651, batch acc 0.9822
00:21:07.153   Training iter 600, batch loss 0.3469, batch acc 0.9835
00:21:07.156 Testing @ 63 epoch...
00:21:07.427     Testing, total mean loss 0.56494, total acc 0.97530
00:21:07.428 Training @ 64 epoch...
00:21:08.465   Training iter 100, batch loss 0.3343, batch acc 0.9840
00:21:09.449   Training iter 200, batch loss 0.3355, batch acc 0.9850
00:21:10.440   Training iter 300, batch loss 0.3682, batch acc 0.9826
00:21:11.118   Training iter 400, batch loss 0.3661, batch acc 0.9828
00:21:12.070   Training iter 500, batch loss 0.3104, batch acc 0.9852
00:21:12.881   Training iter 600, batch loss 0.3356, batch acc 0.9860
00:21:12.886 Testing @ 64 epoch...
00:21:13.118     Testing, total mean loss 0.55584, total acc 0.97630
00:21:13.119 Training @ 65 epoch...
00:21:13.754   Training iter 100, batch loss 0.3297, batch acc 0.9856
00:21:14.446   Training iter 200, batch loss 0.3166, batch acc 0.9874
00:21:15.165   Training iter 300, batch loss 0.3303, batch acc 0.9835
00:21:15.940   Training iter 400, batch loss 0.3667, batch acc 0.9836
00:21:16.609   Training iter 500, batch loss 0.3266, batch acc 0.9845
00:21:17.385   Training iter 600, batch loss 0.3646, batch acc 0.9850
00:21:17.388 Testing @ 65 epoch...
00:21:17.633     Testing, total mean loss 0.57038, total acc 0.97490
00:21:17.633 Training @ 66 epoch...
00:21:18.481   Training iter 100, batch loss 0.3509, batch acc 0.9833
00:21:19.200   Training iter 200, batch loss 0.3146, batch acc 0.9869
00:21:19.849   Training iter 300, batch loss 0.3331, batch acc 0.9850
00:21:20.543   Training iter 400, batch loss 0.3487, batch acc 0.9844
00:21:21.182   Training iter 500, batch loss 0.3261, batch acc 0.9864
00:21:21.937   Training iter 600, batch loss 0.3397, batch acc 0.9829
00:21:21.941 Testing @ 66 epoch...
00:21:22.165     Testing, total mean loss 0.55916, total acc 0.97530
00:21:22.166 Training @ 67 epoch...
00:21:23.014   Training iter 100, batch loss 0.3273, batch acc 0.9851
00:21:23.689   Training iter 200, batch loss 0.3270, batch acc 0.9860
00:21:24.277   Training iter 300, batch loss 0.3157, batch acc 0.9853
00:21:24.876   Training iter 400, batch loss 0.3400, batch acc 0.9858
00:21:25.426   Training iter 500, batch loss 0.3235, batch acc 0.9855
00:21:26.017   Training iter 600, batch loss 0.3518, batch acc 0.9834
00:21:26.021 Testing @ 67 epoch...
00:21:26.201     Testing, total mean loss 0.55121, total acc 0.97610
00:21:26.201 Training @ 68 epoch...
00:21:26.753   Training iter 100, batch loss 0.3179, batch acc 0.9861
00:21:27.477   Training iter 200, batch loss 0.3211, batch acc 0.9847
00:21:28.190   Training iter 300, batch loss 0.3323, batch acc 0.9843
00:21:28.975   Training iter 400, batch loss 0.3108, batch acc 0.9882
00:21:29.823   Training iter 500, batch loss 0.3302, batch acc 0.9856
00:21:30.638   Training iter 600, batch loss 0.3571, batch acc 0.9834
00:21:30.641 Testing @ 68 epoch...
00:21:30.880     Testing, total mean loss 0.55901, total acc 0.97560
00:21:30.880 Training @ 69 epoch...
00:21:31.705   Training iter 100, batch loss 0.2740, batch acc 0.9889
00:21:32.297   Training iter 200, batch loss 0.3335, batch acc 0.9848
00:21:32.859   Training iter 300, batch loss 0.3268, batch acc 0.9836
00:21:33.378   Training iter 400, batch loss 0.3077, batch acc 0.9868
00:21:34.376   Training iter 500, batch loss 0.3438, batch acc 0.9847
00:21:35.375   Training iter 600, batch loss 0.3444, batch acc 0.9846
00:21:35.380 Testing @ 69 epoch...
00:21:35.652     Testing, total mean loss 0.55751, total acc 0.97590
00:21:35.653 Training @ 70 epoch...
00:21:36.423   Training iter 100, batch loss 0.3393, batch acc 0.9856
00:21:37.252   Training iter 200, batch loss 0.3182, batch acc 0.9854
00:21:38.081   Training iter 300, batch loss 0.3279, batch acc 0.9849
00:21:38.877   Training iter 400, batch loss 0.3003, batch acc 0.9864
00:21:39.706   Training iter 500, batch loss 0.3164, batch acc 0.9858
00:21:40.518   Training iter 600, batch loss 0.3158, batch acc 0.9858
00:21:40.522 Testing @ 70 epoch...
00:21:40.767     Testing, total mean loss 0.54590, total acc 0.97680
00:21:40.770 Training @ 71 epoch...
00:21:41.472   Training iter 100, batch loss 0.3006, batch acc 0.9860
00:21:42.228   Training iter 200, batch loss 0.3181, batch acc 0.9862
00:21:43.035   Training iter 300, batch loss 0.3334, batch acc 0.9845
00:21:44.250   Training iter 400, batch loss 0.3026, batch acc 0.9872
00:21:45.072   Training iter 500, batch loss 0.3132, batch acc 0.9858
00:21:45.836   Training iter 600, batch loss 0.3208, batch acc 0.9858
00:21:45.841 Testing @ 71 epoch...
00:21:46.098     Testing, total mean loss 0.56886, total acc 0.97450
00:21:46.099 Training @ 72 epoch...
00:21:47.124   Training iter 100, batch loss 0.3133, batch acc 0.9855
00:21:48.237   Training iter 200, batch loss 0.3271, batch acc 0.9848
00:21:49.279   Training iter 300, batch loss 0.3257, batch acc 0.9857
00:21:50.228   Training iter 400, batch loss 0.3248, batch acc 0.9867
00:21:50.985   Training iter 500, batch loss 0.3058, batch acc 0.9862
00:21:51.789   Training iter 600, batch loss 0.2969, batch acc 0.9872
00:21:51.792 Testing @ 72 epoch...
00:21:52.031     Testing, total mean loss 0.53274, total acc 0.97630
00:21:52.032 Training @ 73 epoch...
00:21:52.670   Training iter 100, batch loss 0.2926, batch acc 0.9867
00:21:53.253   Training iter 200, batch loss 0.3165, batch acc 0.9852
00:21:53.806   Training iter 300, batch loss 0.3201, batch acc 0.9872
00:21:54.483   Training iter 400, batch loss 0.3199, batch acc 0.9845
00:21:55.336   Training iter 500, batch loss 0.2996, batch acc 0.9869
00:21:55.934   Training iter 600, batch loss 0.3014, batch acc 0.9873
00:21:55.936 Testing @ 73 epoch...
00:21:56.150     Testing, total mean loss 0.54002, total acc 0.97570
00:21:56.151 Training @ 74 epoch...
00:21:56.958   Training iter 100, batch loss 0.2721, batch acc 0.9892
00:21:57.641   Training iter 200, batch loss 0.3020, batch acc 0.9869
00:21:58.279   Training iter 300, batch loss 0.2931, batch acc 0.9862
00:21:59.029   Training iter 400, batch loss 0.3132, batch acc 0.9861
00:21:59.696   Training iter 500, batch loss 0.3119, batch acc 0.9860
00:22:00.334   Training iter 600, batch loss 0.3383, batch acc 0.9844
00:22:00.336 Testing @ 74 epoch...
00:22:00.576     Testing, total mean loss 0.54205, total acc 0.97600
00:22:00.577 Training @ 75 epoch...
00:22:01.279   Training iter 100, batch loss 0.2873, batch acc 0.9873
00:22:02.070   Training iter 200, batch loss 0.2951, batch acc 0.9874
00:22:02.820   Training iter 300, batch loss 0.2974, batch acc 0.9868
00:22:03.485   Training iter 400, batch loss 0.3337, batch acc 0.9852
00:22:04.110   Training iter 500, batch loss 0.2988, batch acc 0.9860
00:22:04.890   Training iter 600, batch loss 0.2995, batch acc 0.9872
00:22:04.892 Testing @ 75 epoch...
00:22:05.109     Testing, total mean loss 0.55108, total acc 0.97570
00:22:05.110 Training @ 76 epoch...
00:22:05.784   Training iter 100, batch loss 0.2875, batch acc 0.9874
00:22:06.445   Training iter 200, batch loss 0.3072, batch acc 0.9869
00:22:07.033   Training iter 300, batch loss 0.2919, batch acc 0.9872
00:22:07.701   Training iter 400, batch loss 0.2983, batch acc 0.9875
00:22:08.251   Training iter 500, batch loss 0.3144, batch acc 0.9862
00:22:08.808   Training iter 600, batch loss 0.2988, batch acc 0.9860
00:22:08.811 Testing @ 76 epoch...
00:22:08.993     Testing, total mean loss 0.52311, total acc 0.97680
00:22:08.993 Training @ 77 epoch...
00:22:09.902   Training iter 100, batch loss 0.3136, batch acc 0.9866
00:22:10.712   Training iter 200, batch loss 0.2872, batch acc 0.9875
00:22:11.562   Training iter 300, batch loss 0.3081, batch acc 0.9859
00:22:12.157   Training iter 400, batch loss 0.3035, batch acc 0.9862
00:22:12.981   Training iter 500, batch loss 0.2847, batch acc 0.9880
00:22:13.609   Training iter 600, batch loss 0.2832, batch acc 0.9871
00:22:13.614 Testing @ 77 epoch...
00:22:13.805     Testing, total mean loss 0.52945, total acc 0.97710
00:22:13.806 Training @ 78 epoch...
00:22:14.429   Training iter 100, batch loss 0.3006, batch acc 0.9881
00:22:14.931   Training iter 200, batch loss 0.2713, batch acc 0.9889
00:22:15.391   Training iter 300, batch loss 0.2986, batch acc 0.9864
00:22:15.896   Training iter 400, batch loss 0.2892, batch acc 0.9880
00:22:16.361   Training iter 500, batch loss 0.3270, batch acc 0.9850
00:22:16.785   Training iter 600, batch loss 0.2741, batch acc 0.9869
00:22:16.789 Testing @ 78 epoch...
00:22:16.941     Testing, total mean loss 0.52566, total acc 0.97710
00:22:16.941 Training @ 79 epoch...
00:22:17.363   Training iter 100, batch loss 0.2833, batch acc 0.9873
00:22:17.775   Training iter 200, batch loss 0.2583, batch acc 0.9893
00:22:18.175   Training iter 300, batch loss 0.2747, batch acc 0.9884
00:22:18.593   Training iter 400, batch loss 0.3007, batch acc 0.9865
00:22:19.022   Training iter 500, batch loss 0.3073, batch acc 0.9861
00:22:19.434   Training iter 600, batch loss 0.3137, batch acc 0.9866
00:22:19.437 Testing @ 79 epoch...
00:22:19.583     Testing, total mean loss 0.53248, total acc 0.97680
00:22:19.583 Training @ 80 epoch...
00:22:20.003   Training iter 100, batch loss 0.2684, batch acc 0.9892
00:22:20.404   Training iter 200, batch loss 0.2927, batch acc 0.9856
00:22:20.814   Training iter 300, batch loss 0.2810, batch acc 0.9868
00:22:21.243   Training iter 400, batch loss 0.2793, batch acc 0.9878
00:22:21.690   Training iter 500, batch loss 0.3038, batch acc 0.9874
00:22:22.052   Training iter 600, batch loss 0.2957, batch acc 0.9882
00:22:22.055 Testing @ 80 epoch...
00:22:22.176     Testing, total mean loss 0.52756, total acc 0.97630
00:22:22.177 Training @ 81 epoch...
00:22:22.599   Training iter 100, batch loss 0.2923, batch acc 0.9870
00:22:23.016   Training iter 200, batch loss 0.2786, batch acc 0.9883
00:22:23.461   Training iter 300, batch loss 0.2843, batch acc 0.9868
00:22:23.854   Training iter 400, batch loss 0.2945, batch acc 0.9873
00:22:24.274   Training iter 500, batch loss 0.2906, batch acc 0.9874
00:22:24.696   Training iter 600, batch loss 0.2767, batch acc 0.9878
00:22:24.700 Testing @ 81 epoch...
00:22:24.844     Testing, total mean loss 0.51916, total acc 0.97720
00:22:24.844 Training @ 82 epoch...
00:22:25.295   Training iter 100, batch loss 0.2732, batch acc 0.9886
00:22:25.750   Training iter 200, batch loss 0.2799, batch acc 0.9884
00:22:26.177   Training iter 300, batch loss 0.3023, batch acc 0.9869
00:22:26.601   Training iter 400, batch loss 0.2909, batch acc 0.9868
00:22:27.001   Training iter 500, batch loss 0.2625, batch acc 0.9887
00:22:27.408   Training iter 600, batch loss 0.2788, batch acc 0.9866
00:22:27.410 Testing @ 82 epoch...
00:22:27.570     Testing, total mean loss 0.53583, total acc 0.97740
00:22:27.571 Training @ 83 epoch...
00:22:28.001   Training iter 100, batch loss 0.2730, batch acc 0.9884
00:22:28.432   Training iter 200, batch loss 0.2796, batch acc 0.9877
00:22:28.873   Training iter 300, batch loss 0.2757, batch acc 0.9876
00:22:29.301   Training iter 400, batch loss 0.2568, batch acc 0.9892
00:22:29.699   Training iter 500, batch loss 0.3101, batch acc 0.9861
00:22:30.112   Training iter 600, batch loss 0.2817, batch acc 0.9874
00:22:30.115 Testing @ 83 epoch...
00:22:30.272     Testing, total mean loss 0.52509, total acc 0.97680
00:22:30.273 Training @ 84 epoch...
00:22:30.686   Training iter 100, batch loss 0.2768, batch acc 0.9883
00:22:31.087   Training iter 200, batch loss 0.2645, batch acc 0.9879
00:22:31.494   Training iter 300, batch loss 0.3018, batch acc 0.9866
00:22:31.925   Training iter 400, batch loss 0.2486, batch acc 0.9899
00:22:32.328   Training iter 500, batch loss 0.2867, batch acc 0.9873
00:22:32.643   Training iter 600, batch loss 0.2791, batch acc 0.9882
00:22:32.645 Testing @ 84 epoch...
00:22:32.807     Testing, total mean loss 0.53268, total acc 0.97730
00:22:32.808 Training @ 85 epoch...
00:22:33.271   Training iter 100, batch loss 0.2724, batch acc 0.9888
00:22:33.671   Training iter 200, batch loss 0.2684, batch acc 0.9880
00:22:34.071   Training iter 300, batch loss 0.2792, batch acc 0.9878
00:22:34.503   Training iter 400, batch loss 0.2808, batch acc 0.9872
00:22:34.992   Training iter 500, batch loss 0.2740, batch acc 0.9879
00:22:35.440   Training iter 600, batch loss 0.2765, batch acc 0.9871
00:22:35.443 Testing @ 85 epoch...
00:22:35.650     Testing, total mean loss 0.53039, total acc 0.97620
00:22:35.651 Training @ 86 epoch...
00:22:36.268   Training iter 100, batch loss 0.2616, batch acc 0.9894
00:22:36.684   Training iter 200, batch loss 0.2715, batch acc 0.9886
00:22:37.080   Training iter 300, batch loss 0.2865, batch acc 0.9866
00:22:37.499   Training iter 400, batch loss 0.2807, batch acc 0.9878
00:22:37.913   Training iter 500, batch loss 0.2573, batch acc 0.9887
00:22:38.326   Training iter 600, batch loss 0.2778, batch acc 0.9883
00:22:38.329 Testing @ 86 epoch...
00:22:38.493     Testing, total mean loss 0.53709, total acc 0.97690
00:22:38.494 Training @ 87 epoch...
00:22:38.942   Training iter 100, batch loss 0.2876, batch acc 0.9871
00:22:39.381   Training iter 200, batch loss 0.2768, batch acc 0.9890
00:22:39.868   Training iter 300, batch loss 0.2775, batch acc 0.9882
00:22:40.327   Training iter 400, batch loss 0.2489, batch acc 0.9890
00:22:40.746   Training iter 500, batch loss 0.2832, batch acc 0.9875
00:22:41.180   Training iter 600, batch loss 0.2470, batch acc 0.9902
00:22:41.183 Testing @ 87 epoch...
00:22:41.328     Testing, total mean loss 0.53221, total acc 0.97750
00:22:41.328 Training @ 88 epoch...
00:22:41.770   Training iter 100, batch loss 0.2687, batch acc 0.9868
00:22:42.177   Training iter 200, batch loss 0.2712, batch acc 0.9876
00:22:42.578   Training iter 300, batch loss 0.2618, batch acc 0.9899
00:22:42.985   Training iter 400, batch loss 0.2581, batch acc 0.9889
00:22:43.385   Training iter 500, batch loss 0.2678, batch acc 0.9879
00:22:43.761   Training iter 600, batch loss 0.2786, batch acc 0.9880
00:22:43.764 Testing @ 88 epoch...
00:22:43.901     Testing, total mean loss 0.51169, total acc 0.97760
00:22:43.901 Training @ 89 epoch...
00:22:44.218   Training iter 100, batch loss 0.2509, batch acc 0.9883
00:22:44.540   Training iter 200, batch loss 0.2773, batch acc 0.9879
00:22:44.947   Training iter 300, batch loss 0.2504, batch acc 0.9894
00:22:45.359   Training iter 400, batch loss 0.2621, batch acc 0.9892
00:22:45.787   Training iter 500, batch loss 0.2850, batch acc 0.9872
00:22:46.219   Training iter 600, batch loss 0.2772, batch acc 0.9882
00:22:46.222 Testing @ 89 epoch...
00:22:46.378     Testing, total mean loss 0.52385, total acc 0.97670
00:22:46.379 Training @ 90 epoch...
00:22:46.816   Training iter 100, batch loss 0.2582, batch acc 0.9885
00:22:47.281   Training iter 200, batch loss 0.2654, batch acc 0.9878
00:22:47.714   Training iter 300, batch loss 0.2447, batch acc 0.9908
00:22:48.149   Training iter 400, batch loss 0.2813, batch acc 0.9869
00:22:48.867   Training iter 500, batch loss 0.2568, batch acc 0.9886
00:22:49.534   Training iter 600, batch loss 0.2768, batch acc 0.9879
00:22:49.538 Testing @ 90 epoch...
00:22:49.734     Testing, total mean loss 0.52444, total acc 0.97740
00:22:49.734 Training @ 91 epoch...
00:22:50.272   Training iter 100, batch loss 0.2719, batch acc 0.9891
00:22:50.715   Training iter 200, batch loss 0.2673, batch acc 0.9888
00:22:51.169   Training iter 300, batch loss 0.2866, batch acc 0.9864
00:22:51.638   Training iter 400, batch loss 0.2286, batch acc 0.9905
00:22:52.092   Training iter 500, batch loss 0.2475, batch acc 0.9886
00:22:52.534   Training iter 600, batch loss 0.2681, batch acc 0.9881
00:22:52.537 Testing @ 91 epoch...
00:22:52.684     Testing, total mean loss 0.51606, total acc 0.97720
00:22:52.685 Training @ 92 epoch...
00:22:53.152   Training iter 100, batch loss 0.2576, batch acc 0.9883
00:22:53.587   Training iter 200, batch loss 0.2748, batch acc 0.9886
00:22:54.020   Training iter 300, batch loss 0.2615, batch acc 0.9871
00:22:54.442   Training iter 400, batch loss 0.2527, batch acc 0.9890
00:22:54.960   Training iter 500, batch loss 0.2622, batch acc 0.9890
00:22:55.430   Training iter 600, batch loss 0.2497, batch acc 0.9894
00:22:55.432 Testing @ 92 epoch...
00:22:55.580     Testing, total mean loss 0.51486, total acc 0.97730
00:22:55.580 Training @ 93 epoch...
00:22:56.042   Training iter 100, batch loss 0.2641, batch acc 0.9871
00:22:56.473   Training iter 200, batch loss 0.2238, batch acc 0.9914
00:22:56.964   Training iter 300, batch loss 0.2572, batch acc 0.9899
00:22:57.394   Training iter 400, batch loss 0.2510, batch acc 0.9890
00:22:57.814   Training iter 500, batch loss 0.2746, batch acc 0.9891
00:22:58.243   Training iter 600, batch loss 0.2706, batch acc 0.9879
00:22:58.245 Testing @ 93 epoch...
00:22:58.390     Testing, total mean loss 0.51188, total acc 0.97780
00:22:58.391 Training @ 94 epoch...
00:22:58.815   Training iter 100, batch loss 0.2505, batch acc 0.9898
00:22:59.226   Training iter 200, batch loss 0.2466, batch acc 0.9893
00:22:59.635   Training iter 300, batch loss 0.2473, batch acc 0.9884
00:23:00.042   Training iter 400, batch loss 0.2682, batch acc 0.9889
00:23:00.451   Training iter 500, batch loss 0.2482, batch acc 0.9891
00:23:00.868   Training iter 600, batch loss 0.2698, batch acc 0.9889
00:23:00.870 Testing @ 94 epoch...
00:23:01.020     Testing, total mean loss 0.51842, total acc 0.97730
00:23:01.020 Training @ 95 epoch...
00:23:01.407   Training iter 100, batch loss 0.2601, batch acc 0.9886
00:23:01.793   Training iter 200, batch loss 0.2412, batch acc 0.9898
00:23:02.310   Training iter 300, batch loss 0.2719, batch acc 0.9873
00:23:02.803   Training iter 400, batch loss 0.2418, batch acc 0.9895
00:23:03.259   Training iter 500, batch loss 0.2579, batch acc 0.9889
00:23:03.728   Training iter 600, batch loss 0.2467, batch acc 0.9888
00:23:03.731 Testing @ 95 epoch...
00:23:03.898     Testing, total mean loss 0.51529, total acc 0.97730
00:23:03.899 Training @ 96 epoch...
00:23:04.320   Training iter 100, batch loss 0.2651, batch acc 0.9885
00:23:04.748   Training iter 200, batch loss 0.2605, batch acc 0.9876
00:23:05.166   Training iter 300, batch loss 0.2296, batch acc 0.9896
00:23:05.590   Training iter 400, batch loss 0.2471, batch acc 0.9892
00:23:06.013   Training iter 500, batch loss 0.2602, batch acc 0.9900
00:23:06.436   Training iter 600, batch loss 0.2480, batch acc 0.9900
00:23:06.439 Testing @ 96 epoch...
00:23:06.593     Testing, total mean loss 0.50946, total acc 0.97730
00:23:06.594 Training @ 97 epoch...
00:23:07.015   Training iter 100, batch loss 0.2599, batch acc 0.9884
00:23:07.433   Training iter 200, batch loss 0.2403, batch acc 0.9901
00:23:07.856   Training iter 300, batch loss 0.2531, batch acc 0.9892
00:23:08.282   Training iter 400, batch loss 0.2513, batch acc 0.9901
00:23:08.714   Training iter 500, batch loss 0.2417, batch acc 0.9897
00:23:09.171   Training iter 600, batch loss 0.2472, batch acc 0.9894
00:23:09.174 Testing @ 97 epoch...
00:23:09.371     Testing, total mean loss 0.51229, total acc 0.97680
00:23:09.372 Training @ 98 epoch...
00:23:09.879   Training iter 100, batch loss 0.2352, batch acc 0.9905
00:23:10.313   Training iter 200, batch loss 0.2396, batch acc 0.9900
00:23:10.739   Training iter 300, batch loss 0.2787, batch acc 0.9870
00:23:11.074   Training iter 400, batch loss 0.2642, batch acc 0.9878
00:23:11.480   Training iter 500, batch loss 0.2313, batch acc 0.9899
00:23:11.907   Training iter 600, batch loss 0.2315, batch acc 0.9908
00:23:11.910 Testing @ 98 epoch...
00:23:12.069     Testing, total mean loss 0.51001, total acc 0.97770
00:23:12.069 Training @ 99 epoch...
00:23:12.497   Training iter 100, batch loss 0.2443, batch acc 0.9899
00:23:12.917   Training iter 200, batch loss 0.2270, batch acc 0.9909
00:23:13.347   Training iter 300, batch loss 0.2615, batch acc 0.9883
00:23:13.792   Training iter 400, batch loss 0.2250, batch acc 0.9905
00:23:14.242   Training iter 500, batch loss 0.2679, batch acc 0.9869
00:23:14.700   Training iter 600, batch loss 0.2434, batch acc 0.9897
00:23:14.702 Testing @ 99 epoch...
00:23:14.865     Testing, total mean loss 0.50871, total acc 0.97830
Traceback (most recent call last):
  File "/home/wanghaoran/ANN-24Autumn/HW1/codes/run_mlp.py", line 98, in <module>
    main()
  File "/home/wanghaoran/ANN-24Autumn/HW1/codes/run_mlp.py", line 93, in main
    wandb.log({'final_loss': loss.get_loss(), 'final_acc': loss.get_accuracy(), 'total_time': time.time() - start_time})
                             ^^^^^^^^^^^^^
AttributeError: 'HingeLoss' object has no attribute 'get_loss'